{"C:\\Users\\User\\Desktop\\PowerWacth-main\\server\\controllers\\adminController.js": {"path":"C:\\Users\\User\\Desktop\\PowerWacth-main\\server\\controllers\\adminController.js","statementMap":{"0":{"start":{"line":1,"column":13},"end":{"line":1,"column":38}},"1":{"start":{"line":2,"column":19},"end":{"line":2,"column":50}},"2":{"start":{"line":3,"column":23},"end":{"line":3,"column":58}},"3":{"start":{"line":4,"column":21},"end":{"line":4,"column":54}},"4":{"start":{"line":5,"column":16},"end":{"line":5,"column":44}},"5":{"start":{"line":7,"column":21},"end":{"line":7,"column":62}},"6":{"start":{"line":7,"column":27},"end":{"line":7,"column":62}},"7":{"start":{"line":7,"column":60},"end":{"line":7,"column":61}},"8":{"start":{"line":9,"column":35},"end":{"line":16,"column":1}},"9":{"start":{"line":10,"column":16},"end":{"line":10,"column":50}},"10":{"start":{"line":11,"column":2},"end":{"line":11,"column":43}},"11":{"start":{"line":11,"column":28},"end":{"line":11,"column":43}},"12":{"start":{"line":12,"column":2},"end":{"line":14,"column":3}},"13":{"start":{"line":13,"column":4},"end":{"line":13,"column":17}},"14":{"start":{"line":15,"column":2},"end":{"line":15,"column":14}},"15":{"start":{"line":18,"column":0},"end":{"line":97,"column":2}},"16":{"start":{"line":19,"column":2},"end":{"line":96,"column":3}},"17":{"start":{"line":20,"column":16},"end":{"line":20,"column":26}},"18":{"start":{"line":21,"column":24},"end":{"line":21,"column":57}},"19":{"start":{"line":22,"column":28},"end":{"line":22,"column":65}},"20":{"start":{"line":37,"column":8},"end":{"line":50,"column":6}},"21":{"start":{"line":52,"column":34},"end":{"line":52,"column":48}},"22":{"start":{"line":53,"column":4},"end":{"line":57,"column":7}},"23":{"start":{"line":54,"column":25},"end":{"line":54,"column":57}},"24":{"start":{"line":55,"column":6},"end":{"line":55,"column":30}},"25":{"start":{"line":55,"column":23},"end":{"line":55,"column":30}},"26":{"start":{"line":56,"column":6},"end":{"line":56,"column":66}},"27":{"start":{"line":59,"column":35},"end":{"line":59,"column":49}},"28":{"start":{"line":60,"column":4},"end":{"line":63,"column":7}},"29":{"start":{"line":61,"column":6},"end":{"line":61,"column":34}},"30":{"start":{"line":61,"column":27},"end":{"line":61,"column":34}},"31":{"start":{"line":62,"column":6},"end":{"line":62,"column":71}},"32":{"start":{"line":65,"column":33},"end":{"line":71,"column":5}},"33":{"start":{"line":73,"column":4},"end":{"line":78,"column":7}},"34":{"start":{"line":74,"column":25},"end":{"line":74,"column":64}},"35":{"start":{"line":75,"column":6},"end":{"line":77,"column":7}},"36":{"start":{"line":76,"column":8},"end":{"line":76,"column":46}},"37":{"start":{"line":80,"column":4},"end":{"line":93,"column":7}},"38":{"start":{"line":95,"column":4},"end":{"line":95,"column":91}},"39":{"start":{"line":99,"column":0},"end":{"line":137,"column":2}},"40":{"start":{"line":100,"column":2},"end":{"line":136,"column":3}},"41":{"start":{"line":101,"column":17},"end":{"line":101,"column":52}},"42":{"start":{"line":102,"column":19},"end":{"line":102,"column":56}},"43":{"start":{"line":103,"column":17},"end":{"line":103,"column":63}},"44":{"start":{"line":104,"column":18},"end":{"line":104,"column":66}},"45":{"start":{"line":106,"column":19},"end":{"line":106,"column":21}},"46":{"start":{"line":108,"column":4},"end":{"line":110,"column":5}},"47":{"start":{"line":109,"column":6},"end":{"line":109,"column":25}},"48":{"start":{"line":112,"column":4},"end":{"line":117,"column":5}},"49":{"start":{"line":113,"column":6},"end":{"line":116,"column":8}},"50":{"start":{"line":119,"column":27},"end":{"line":126,"column":6}},"51":{"start":{"line":128,"column":4},"end":{"line":133,"column":7}},"52":{"start":{"line":135,"column":4},"end":{"line":135,"column":87}},"53":{"start":{"line":139,"column":0},"end":{"line":167,"column":2}},"54":{"start":{"line":140,"column":2},"end":{"line":166,"column":3}},"55":{"start":{"line":141,"column":19},"end":{"line":141,"column":29}},"56":{"start":{"line":142,"column":21},"end":{"line":142,"column":29}},"57":{"start":{"line":144,"column":4},"end":{"line":146,"column":5}},"58":{"start":{"line":145,"column":6},"end":{"line":145,"column":63}},"59":{"start":{"line":148,"column":17},"end":{"line":148,"column":40}},"60":{"start":{"line":149,"column":4},"end":{"line":151,"column":5}},"61":{"start":{"line":150,"column":6},"end":{"line":150,"column":65}},"62":{"start":{"line":153,"column":4},"end":{"line":155,"column":5}},"63":{"start":{"line":154,"column":6},"end":{"line":154,"column":86}},"64":{"start":{"line":157,"column":4},"end":{"line":157,"column":21}},"65":{"start":{"line":158,"column":4},"end":{"line":158,"column":22}},"66":{"start":{"line":160,"column":4},"end":{"line":163,"column":7}},"67":{"start":{"line":165,"column":4},"end":{"line":165,"column":87}},"68":{"start":{"line":169,"column":0},"end":{"line":189,"column":2}},"69":{"start":{"line":170,"column":2},"end":{"line":188,"column":3}},"70":{"start":{"line":171,"column":19},"end":{"line":171,"column":29}},"71":{"start":{"line":173,"column":4},"end":{"line":175,"column":5}},"72":{"start":{"line":174,"column":6},"end":{"line":174,"column":92}},"73":{"start":{"line":177,"column":17},"end":{"line":177,"column":40}},"74":{"start":{"line":178,"column":4},"end":{"line":180,"column":5}},"75":{"start":{"line":179,"column":6},"end":{"line":179,"column":65}},"76":{"start":{"line":182,"column":4},"end":{"line":182,"column":26}},"77":{"start":{"line":183,"column":4},"end":{"line":183,"column":22}},"78":{"start":{"line":185,"column":4},"end":{"line":185,"column":59}},"79":{"start":{"line":187,"column":4},"end":{"line":187,"column":91}},"80":{"start":{"line":191,"column":0},"end":{"line":206,"column":2}},"81":{"start":{"line":192,"column":2},"end":{"line":205,"column":3}},"82":{"start":{"line":193,"column":19},"end":{"line":193,"column":29}},"83":{"start":{"line":194,"column":17},"end":{"line":194,"column":40}},"84":{"start":{"line":195,"column":4},"end":{"line":197,"column":5}},"85":{"start":{"line":196,"column":6},"end":{"line":196,"column":65}},"86":{"start":{"line":199,"column":4},"end":{"line":199,"column":25}},"87":{"start":{"line":200,"column":4},"end":{"line":200,"column":22}},"88":{"start":{"line":202,"column":4},"end":{"line":202,"column":59}},"89":{"start":{"line":204,"column":4},"end":{"line":204,"column":91}},"90":{"start":{"line":208,"column":0},"end":{"line":233,"column":2}},"91":{"start":{"line":209,"column":2},"end":{"line":232,"column":3}},"92":{"start":{"line":210,"column":19},"end":{"line":210,"column":29}},"93":{"start":{"line":211,"column":35},"end":{"line":211,"column":43}},"94":{"start":{"line":213,"column":4},"end":{"line":215,"column":5}},"95":{"start":{"line":214,"column":6},"end":{"line":214,"column":78}},"96":{"start":{"line":217,"column":17},"end":{"line":217,"column":40}},"97":{"start":{"line":218,"column":4},"end":{"line":220,"column":5}},"98":{"start":{"line":219,"column":6},"end":{"line":219,"column":65}},"99":{"start":{"line":222,"column":4},"end":{"line":224,"column":5}},"100":{"start":{"line":223,"column":6},"end":{"line":223,"column":81}},"101":{"start":{"line":226,"column":4},"end":{"line":226,"column":49}},"102":{"start":{"line":227,"column":4},"end":{"line":227,"column":22}},"103":{"start":{"line":229,"column":4},"end":{"line":229,"column":72}},"104":{"start":{"line":231,"column":4},"end":{"line":231,"column":95}},"105":{"start":{"line":235,"column":0},"end":{"line":272,"column":2}},"106":{"start":{"line":236,"column":2},"end":{"line":271,"column":3}},"107":{"start":{"line":237,"column":19},"end":{"line":237,"column":29}},"108":{"start":{"line":239,"column":4},"end":{"line":241,"column":5}},"109":{"start":{"line":240,"column":6},"end":{"line":240,"column":81}},"110":{"start":{"line":243,"column":17},"end":{"line":243,"column":40}},"111":{"start":{"line":244,"column":4},"end":{"line":246,"column":5}},"112":{"start":{"line":245,"column":6},"end":{"line":245,"column":65}},"113":{"start":{"line":248,"column":17},"end":{"line":248,"column":70}},"114":{"start":{"line":249,"column":19},"end":{"line":249,"column":45}},"115":{"start":{"line":249,"column":37},"end":{"line":249,"column":44}},"116":{"start":{"line":251,"column":26},"end":{"line":251,"column":85}},"117":{"start":{"line":252,"column":28},"end":{"line":252,"column":65}},"118":{"start":{"line":252,"column":56},"end":{"line":252,"column":64}},"119":{"start":{"line":254,"column":4},"end":{"line":266,"column":7}},"120":{"start":{"line":268,"column":4},"end":{"line":268,"column":62}},"121":{"start":{"line":270,"column":4},"end":{"line":270,"column":87}}},"fnMap":{"0":{"name":"(anonymous_0)","decl":{"start":{"line":7,"column":21},"end":{"line":7,"column":22}},"loc":{"start":{"line":7,"column":27},"end":{"line":7,"column":62}},"line":7},"1":{"name":"(anonymous_1)","decl":{"start":{"line":7,"column":54},"end":{"line":7,"column":55}},"loc":{"start":{"line":7,"column":60},"end":{"line":7,"column":61}},"line":7},"2":{"name":"(anonymous_2)","decl":{"start":{"line":9,"column":35},"end":{"line":9,"column":36}},"loc":{"start":{"line":9,"column":52},"end":{"line":16,"column":1}},"line":9},"3":{"name":"(anonymous_3)","decl":{"start":{"line":18,"column":28},"end":{"line":18,"column":29}},"loc":{"start":{"line":18,"column":48},"end":{"line":97,"column":1}},"line":18},"4":{"name":"(anonymous_4)","decl":{"start":{"line":53,"column":31},"end":{"line":53,"column":32}},"loc":{"start":{"line":53,"column":41},"end":{"line":57,"column":5}},"line":53},"5":{"name":"(anonymous_5)","decl":{"start":{"line":60,"column":32},"end":{"line":60,"column":33}},"loc":{"start":{"line":60,"column":42},"end":{"line":63,"column":5}},"line":60},"6":{"name":"(anonymous_6)","decl":{"start":{"line":73,"column":25},"end":{"line":73,"column":26}},"loc":{"start":{"line":73,"column":35},"end":{"line":78,"column":5}},"line":73},"7":{"name":"(anonymous_7)","decl":{"start":{"line":99,"column":22},"end":{"line":99,"column":23}},"loc":{"start":{"line":99,"column":42},"end":{"line":137,"column":1}},"line":99},"8":{"name":"(anonymous_8)","decl":{"start":{"line":139,"column":25},"end":{"line":139,"column":26}},"loc":{"start":{"line":139,"column":45},"end":{"line":167,"column":1}},"line":139},"9":{"name":"(anonymous_9)","decl":{"start":{"line":169,"column":25},"end":{"line":169,"column":26}},"loc":{"start":{"line":169,"column":45},"end":{"line":189,"column":1}},"line":169},"10":{"name":"(anonymous_10)","decl":{"start":{"line":191,"column":25},"end":{"line":191,"column":26}},"loc":{"start":{"line":191,"column":45},"end":{"line":206,"column":1}},"line":191},"11":{"name":"(anonymous_11)","decl":{"start":{"line":208,"column":37},"end":{"line":208,"column":38}},"loc":{"start":{"line":208,"column":57},"end":{"line":233,"column":1}},"line":208},"12":{"name":"(anonymous_12)","decl":{"start":{"line":235,"column":21},"end":{"line":235,"column":22}},"loc":{"start":{"line":235,"column":41},"end":{"line":272,"column":1}},"line":235},"13":{"name":"(anonymous_13)","decl":{"start":{"line":249,"column":28},"end":{"line":249,"column":29}},"loc":{"start":{"line":249,"column":37},"end":{"line":249,"column":44}},"line":249},"14":{"name":"(anonymous_14)","decl":{"start":{"line":252,"column":46},"end":{"line":252,"column":47}},"loc":{"start":{"line":252,"column":56},"end":{"line":252,"column":64}},"line":252}},"branchMap":{"0":{"loc":{"start":{"line":9,"column":36},"end":{"line":9,"column":47}},"type":"default-arg","locations":[{"start":{"line":9,"column":45},"end":{"line":9,"column":47}}],"line":9},"1":{"loc":{"start":{"line":10,"column":23},"end":{"line":10,"column":35}},"type":"binary-expr","locations":[{"start":{"line":10,"column":23},"end":{"line":10,"column":29}},{"start":{"line":10,"column":33},"end":{"line":10,"column":35}}],"line":10},"2":{"loc":{"start":{"line":11,"column":2},"end":{"line":11,"column":43}},"type":"if","locations":[{"start":{"line":11,"column":2},"end":{"line":11,"column":43}},{"start":{},"end":{}}],"line":11},"3":{"loc":{"start":{"line":12,"column":2},"end":{"line":14,"column":3}},"type":"if","locations":[{"start":{"line":12,"column":2},"end":{"line":14,"column":3}},{"start":{},"end":{}}],"line":12},"4":{"loc":{"start":{"line":54,"column":25},"end":{"line":54,"column":57}},"type":"binary-expr","locations":[{"start":{"line":54,"column":25},"end":{"line":54,"column":39}},{"start":{"line":54,"column":43},"end":{"line":54,"column":57}}],"line":54},"5":{"loc":{"start":{"line":55,"column":6},"end":{"line":55,"column":30}},"type":"if","locations":[{"start":{"line":55,"column":6},"end":{"line":55,"column":30}},{"start":{},"end":{}}],"line":55},"6":{"loc":{"start":{"line":61,"column":6},"end":{"line":61,"column":34}},"type":"if","locations":[{"start":{"line":61,"column":6},"end":{"line":61,"column":34}},{"start":{},"end":{}}],"line":61},"7":{"loc":{"start":{"line":75,"column":6},"end":{"line":77,"column":7}},"type":"if","locations":[{"start":{"line":75,"column":6},"end":{"line":77,"column":7}},{"start":{},"end":{}}],"line":75},"8":{"loc":{"start":{"line":95,"column":43},"end":{"line":95,"column":87}},"type":"binary-expr","locations":[{"start":{"line":95,"column":43},"end":{"line":95,"column":56}},{"start":{"line":95,"column":60},"end":{"line":95,"column":87}}],"line":95},"9":{"loc":{"start":{"line":101,"column":24},"end":{"line":101,"column":44}},"type":"binary-expr","locations":[{"start":{"line":101,"column":24},"end":{"line":101,"column":38}},{"start":{"line":101,"column":42},"end":{"line":101,"column":44}}],"line":101},"10":{"loc":{"start":{"line":102,"column":26},"end":{"line":102,"column":48}},"type":"binary-expr","locations":[{"start":{"line":102,"column":26},"end":{"line":102,"column":42}},{"start":{"line":102,"column":46},"end":{"line":102,"column":48}}],"line":102},"11":{"loc":{"start":{"line":103,"column":26},"end":{"line":103,"column":59}},"type":"binary-expr","locations":[{"start":{"line":103,"column":26},"end":{"line":103,"column":54}},{"start":{"line":103,"column":58},"end":{"line":103,"column":59}}],"line":103},"12":{"loc":{"start":{"line":104,"column":27},"end":{"line":104,"column":62}},"type":"binary-expr","locations":[{"start":{"line":104,"column":27},"end":{"line":104,"column":56}},{"start":{"line":104,"column":60},"end":{"line":104,"column":62}}],"line":104},"13":{"loc":{"start":{"line":108,"column":4},"end":{"line":110,"column":5}},"type":"if","locations":[{"start":{"line":108,"column":4},"end":{"line":110,"column":5}},{"start":{},"end":{}}],"line":108},"14":{"loc":{"start":{"line":112,"column":4},"end":{"line":117,"column":5}},"type":"if","locations":[{"start":{"line":112,"column":4},"end":{"line":117,"column":5}},{"start":{},"end":{}}],"line":112},"15":{"loc":{"start":{"line":135,"column":43},"end":{"line":135,"column":83}},"type":"binary-expr","locations":[{"start":{"line":135,"column":43},"end":{"line":135,"column":56}},{"start":{"line":135,"column":60},"end":{"line":135,"column":83}}],"line":135},"16":{"loc":{"start":{"line":144,"column":4},"end":{"line":146,"column":5}},"type":"if","locations":[{"start":{"line":144,"column":4},"end":{"line":146,"column":5}},{"start":{},"end":{}}],"line":144},"17":{"loc":{"start":{"line":149,"column":4},"end":{"line":151,"column":5}},"type":"if","locations":[{"start":{"line":149,"column":4},"end":{"line":151,"column":5}},{"start":{},"end":{}}],"line":149},"18":{"loc":{"start":{"line":153,"column":4},"end":{"line":155,"column":5}},"type":"if","locations":[{"start":{"line":153,"column":4},"end":{"line":155,"column":5}},{"start":{},"end":{}}],"line":153},"19":{"loc":{"start":{"line":165,"column":43},"end":{"line":165,"column":83}},"type":"binary-expr","locations":[{"start":{"line":165,"column":43},"end":{"line":165,"column":56}},{"start":{"line":165,"column":60},"end":{"line":165,"column":83}}],"line":165},"20":{"loc":{"start":{"line":173,"column":4},"end":{"line":175,"column":5}},"type":"if","locations":[{"start":{"line":173,"column":4},"end":{"line":175,"column":5}},{"start":{},"end":{}}],"line":173},"21":{"loc":{"start":{"line":178,"column":4},"end":{"line":180,"column":5}},"type":"if","locations":[{"start":{"line":178,"column":4},"end":{"line":180,"column":5}},{"start":{},"end":{}}],"line":178},"22":{"loc":{"start":{"line":187,"column":43},"end":{"line":187,"column":87}},"type":"binary-expr","locations":[{"start":{"line":187,"column":43},"end":{"line":187,"column":56}},{"start":{"line":187,"column":60},"end":{"line":187,"column":87}}],"line":187},"23":{"loc":{"start":{"line":195,"column":4},"end":{"line":197,"column":5}},"type":"if","locations":[{"start":{"line":195,"column":4},"end":{"line":197,"column":5}},{"start":{},"end":{}}],"line":195},"24":{"loc":{"start":{"line":204,"column":43},"end":{"line":204,"column":87}},"type":"binary-expr","locations":[{"start":{"line":204,"column":43},"end":{"line":204,"column":56}},{"start":{"line":204,"column":60},"end":{"line":204,"column":87}}],"line":204},"25":{"loc":{"start":{"line":213,"column":4},"end":{"line":215,"column":5}},"type":"if","locations":[{"start":{"line":213,"column":4},"end":{"line":215,"column":5}},{"start":{},"end":{}}],"line":213},"26":{"loc":{"start":{"line":218,"column":4},"end":{"line":220,"column":5}},"type":"if","locations":[{"start":{"line":218,"column":4},"end":{"line":220,"column":5}},{"start":{},"end":{}}],"line":218},"27":{"loc":{"start":{"line":222,"column":4},"end":{"line":224,"column":5}},"type":"if","locations":[{"start":{"line":222,"column":4},"end":{"line":224,"column":5}},{"start":{},"end":{}}],"line":222},"28":{"loc":{"start":{"line":231,"column":43},"end":{"line":231,"column":91}},"type":"binary-expr","locations":[{"start":{"line":231,"column":43},"end":{"line":231,"column":56}},{"start":{"line":231,"column":60},"end":{"line":231,"column":91}}],"line":231},"29":{"loc":{"start":{"line":239,"column":4},"end":{"line":241,"column":5}},"type":"if","locations":[{"start":{"line":239,"column":4},"end":{"line":241,"column":5}},{"start":{},"end":{}}],"line":239},"30":{"loc":{"start":{"line":244,"column":4},"end":{"line":246,"column":5}},"type":"if","locations":[{"start":{"line":244,"column":4},"end":{"line":246,"column":5}},{"start":{},"end":{}}],"line":244},"31":{"loc":{"start":{"line":256,"column":37},"end":{"line":256,"column":88}},"type":"cond-expr","locations":[{"start":{"line":256,"column":53},"end":{"line":256,"column":83}},{"start":{"line":256,"column":86},"end":{"line":256,"column":88}}],"line":256},"32":{"loc":{"start":{"line":258,"column":6},"end":{"line":258,"column":89}},"type":"cond-expr","locations":[{"start":{"line":258,"column":22},"end":{"line":258,"column":69}},{"start":{"line":258,"column":72},"end":{"line":258,"column":89}}],"line":258},"33":{"loc":{"start":{"line":259,"column":6},"end":{"line":263,"column":44}},"type":"cond-expr","locations":[{"start":{"line":260,"column":10},"end":{"line":262,"column":12}},{"start":{"line":263,"column":10},"end":{"line":263,"column":44}}],"line":259},"34":{"loc":{"start":{"line":270,"column":43},"end":{"line":270,"column":83}},"type":"binary-expr","locations":[{"start":{"line":270,"column":43},"end":{"line":270,"column":56}},{"start":{"line":270,"column":60},"end":{"line":270,"column":83}}],"line":270}},"s":{"0":0,"1":0,"2":0,"3":0,"4":0,"5":0,"6":0,"7":0,"8":0,"9":0,"10":0,"11":0,"12":0,"13":0,"14":0,"15":0,"16":0,"17":0,"18":0,"19":0,"20":0,"21":0,"22":0,"23":0,"24":0,"25":0,"26":0,"27":0,"28":0,"29":0,"30":0,"31":0,"32":0,"33":0,"34":0,"35":0,"36":0,"37":0,"38":0,"39":0,"40":0,"41":0,"42":0,"43":0,"44":0,"45":0,"46":0,"47":0,"48":0,"49":0,"50":0,"51":0,"52":0,"53":0,"54":0,"55":0,"56":0,"57":0,"58":0,"59":0,"60":0,"61":0,"62":0,"63":0,"64":0,"65":0,"66":0,"67":0,"68":0,"69":0,"70":0,"71":0,"72":0,"73":0,"74":0,"75":0,"76":0,"77":0,"78":0,"79":0,"80":0,"81":0,"82":0,"83":0,"84":0,"85":0,"86":0,"87":0,"88":0,"89":0,"90":0,"91":0,"92":0,"93":0,"94":0,"95":0,"96":0,"97":0,"98":0,"99":0,"100":0,"101":0,"102":0,"103":0,"104":0,"105":0,"106":0,"107":0,"108":0,"109":0,"110":0,"111":0,"112":0,"113":0,"114":0,"115":0,"116":0,"117":0,"118":0,"119":0,"120":0,"121":0},"f":{"0":0,"1":0,"2":0,"3":0,"4":0,"5":0,"6":0,"7":0,"8":0,"9":0,"10":0,"11":0,"12":0,"13":0,"14":0},"b":{"0":[0],"1":[0,0],"2":[0,0],"3":[0,0],"4":[0,0],"5":[0,0],"6":[0,0],"7":[0,0],"8":[0,0],"9":[0,0],"10":[0,0],"11":[0,0],"12":[0,0],"13":[0,0],"14":[0,0],"15":[0,0],"16":[0,0],"17":[0,0],"18":[0,0],"19":[0,0],"20":[0,0],"21":[0,0],"22":[0,0],"23":[0,0],"24":[0,0],"25":[0,0],"26":[0,0],"27":[0,0],"28":[0,0],"29":[0,0],"30":[0,0],"31":[0,0],"32":[0,0],"33":[0,0],"34":[0,0]}}
,"C:\\Users\\User\\Desktop\\PowerWacth-main\\server\\controllers\\authController.js": {"path":"C:\\Users\\User\\Desktop\\PowerWacth-main\\server\\controllers\\authController.js","statementMap":{"0":{"start":{"line":1,"column":13},"end":{"line":1,"column":38}},"1":{"start":{"line":2,"column":15},"end":{"line":2,"column":34}},"2":{"start":{"line":3,"column":12},"end":{"line":3,"column":35}},"3":{"start":{"line":4,"column":19},"end":{"line":4,"column":50}},"4":{"start":{"line":5,"column":23},"end":{"line":5,"column":58}},"5":{"start":{"line":6,"column":11},"end":{"line":6,"column":24}},"6":{"start":{"line":7,"column":13},"end":{"line":7,"column":28}},"7":{"start":{"line":9,"column":32},"end":{"line":14,"column":1}},"8":{"start":{"line":10,"column":2},"end":{"line":10,"column":27}},"9":{"start":{"line":10,"column":14},"end":{"line":10,"column":27}},"10":{"start":{"line":11,"column":2},"end":{"line":11,"column":48}},"11":{"start":{"line":11,"column":29},"end":{"line":11,"column":48}},"12":{"start":{"line":12,"column":2},"end":{"line":12,"column":48}},"13":{"start":{"line":12,"column":29},"end":{"line":12,"column":48}},"14":{"start":{"line":13,"column":2},"end":{"line":13,"column":15}},"15":{"start":{"line":16,"column":0},"end":{"line":53,"column":2}},"16":{"start":{"line":17,"column":36},"end":{"line":17,"column":44}},"17":{"start":{"line":18,"column":2},"end":{"line":52,"column":3}},"18":{"start":{"line":19,"column":25},"end":{"line":19,"column":54}},"19":{"start":{"line":20,"column":4},"end":{"line":20,"column":87}},"20":{"start":{"line":20,"column":22},"end":{"line":20,"column":87}},"21":{"start":{"line":22,"column":19},"end":{"line":22,"column":50}},"22":{"start":{"line":23,"column":17},"end":{"line":28,"column":6}},"23":{"start":{"line":30,"column":18},"end":{"line":34,"column":5}},"24":{"start":{"line":36,"column":4},"end":{"line":49,"column":7}},"25":{"start":{"line":51,"column":4},"end":{"line":51,"column":53}},"26":{"start":{"line":55,"column":0},"end":{"line":91,"column":2}},"27":{"start":{"line":56,"column":30},"end":{"line":56,"column":38}},"28":{"start":{"line":57,"column":2},"end":{"line":90,"column":3}},"29":{"start":{"line":58,"column":17},"end":{"line":58,"column":46}},"30":{"start":{"line":59,"column":4},"end":{"line":59,"column":74}},"31":{"start":{"line":59,"column":15},"end":{"line":59,"column":74}},"32":{"start":{"line":61,"column":4},"end":{"line":63,"column":5}},"33":{"start":{"line":62,"column":6},"end":{"line":62,"column":113}},"34":{"start":{"line":65,"column":18},"end":{"line":65,"column":63}},"35":{"start":{"line":66,"column":4},"end":{"line":66,"column":77}},"36":{"start":{"line":66,"column":16},"end":{"line":66,"column":77}},"37":{"start":{"line":68,"column":18},"end":{"line":72,"column":5}},"38":{"start":{"line":74,"column":4},"end":{"line":87,"column":7}},"39":{"start":{"line":89,"column":4},"end":{"line":89,"column":53}},"40":{"start":{"line":93,"column":0},"end":{"line":101,"column":2}},"41":{"start":{"line":94,"column":2},"end":{"line":100,"column":3}},"42":{"start":{"line":95,"column":17},"end":{"line":95,"column":69}},"43":{"start":{"line":96,"column":4},"end":{"line":96,"column":74}},"44":{"start":{"line":96,"column":15},"end":{"line":96,"column":74}},"45":{"start":{"line":97,"column":4},"end":{"line":97,"column":19}},"46":{"start":{"line":99,"column":4},"end":{"line":99,"column":53}},"47":{"start":{"line":103,"column":0},"end":{"line":114,"column":2}},"48":{"start":{"line":104,"column":2},"end":{"line":113,"column":3}},"49":{"start":{"line":105,"column":19},"end":{"line":105,"column":46}},"50":{"start":{"line":106,"column":17},"end":{"line":106,"column":64}},"51":{"start":{"line":107,"column":4},"end":{"line":109,"column":5}},"52":{"start":{"line":108,"column":6},"end":{"line":108,"column":65}},"53":{"start":{"line":110,"column":4},"end":{"line":110,"column":19}},"54":{"start":{"line":112,"column":4},"end":{"line":112,"column":53}},"55":{"start":{"line":116,"column":0},"end":{"line":245,"column":2}},"56":{"start":{"line":117,"column":2},"end":{"line":244,"column":3}},"57":{"start":{"line":118,"column":19},"end":{"line":118,"column":46}},"58":{"start":{"line":119,"column":24},"end":{"line":119,"column":75}},"59":{"start":{"line":121,"column":4},"end":{"line":123,"column":5}},"60":{"start":{"line":122,"column":6},"end":{"line":122,"column":65}},"61":{"start":{"line":125,"column":4},"end":{"line":130,"column":5}},"62":{"start":{"line":126,"column":23},"end":{"line":126,"column":90}},"63":{"start":{"line":127,"column":6},"end":{"line":129,"column":7}},"64":{"start":{"line":128,"column":8},"end":{"line":128,"column":73}},"65":{"start":{"line":132,"column":4},"end":{"line":143,"column":5}},"66":{"start":{"line":133,"column":30},"end":{"line":133,"column":68}},"67":{"start":{"line":134,"column":29},"end":{"line":134,"column":88}},"68":{"start":{"line":136,"column":6},"end":{"line":138,"column":7}},"69":{"start":{"line":137,"column":8},"end":{"line":137,"column":82}},"70":{"start":{"line":140,"column":6},"end":{"line":142,"column":7}},"71":{"start":{"line":141,"column":8},"end":{"line":141,"column":100}},"72":{"start":{"line":146,"column":4},"end":{"line":158,"column":5}},"73":{"start":{"line":147,"column":6},"end":{"line":157,"column":7}},"74":{"start":{"line":148,"column":8},"end":{"line":148,"column":51}},"75":{"start":{"line":149,"column":8},"end":{"line":151,"column":9}},"76":{"start":{"line":150,"column":10},"end":{"line":150,"column":28}},"77":{"start":{"line":153,"column":8},"end":{"line":156,"column":27}},"78":{"start":{"line":155,"column":25},"end":{"line":155,"column":36}},"79":{"start":{"line":160,"column":20},"end":{"line":166,"column":5}},"80":{"start":{"line":168,"column":4},"end":{"line":194,"column":5}},"81":{"start":{"line":169,"column":6},"end":{"line":169,"column":38}},"82":{"start":{"line":170,"column":6},"end":{"line":170,"column":33}},"83":{"start":{"line":171,"column":6},"end":{"line":171,"column":32}},"84":{"start":{"line":172,"column":6},"end":{"line":172,"column":34}},"85":{"start":{"line":173,"column":6},"end":{"line":173,"column":42}},"86":{"start":{"line":174,"column":6},"end":{"line":174,"column":33}},"87":{"start":{"line":175,"column":6},"end":{"line":175,"column":41}},"88":{"start":{"line":176,"column":6},"end":{"line":176,"column":48}},"89":{"start":{"line":177,"column":6},"end":{"line":177,"column":45}},"90":{"start":{"line":178,"column":11},"end":{"line":194,"column":5}},"91":{"start":{"line":179,"column":6},"end":{"line":179,"column":49}},"92":{"start":{"line":180,"column":6},"end":{"line":180,"column":43}},"93":{"start":{"line":181,"column":6},"end":{"line":181,"column":49}},"94":{"start":{"line":182,"column":6},"end":{"line":182,"column":41}},"95":{"start":{"line":183,"column":6},"end":{"line":183,"column":63}},"96":{"start":{"line":184,"column":6},"end":{"line":184,"column":57}},"97":{"start":{"line":185,"column":6},"end":{"line":185,"column":49}},"98":{"start":{"line":187,"column":6},"end":{"line":187,"column":37}},"99":{"start":{"line":188,"column":6},"end":{"line":188,"column":41}},"100":{"start":{"line":189,"column":6},"end":{"line":189,"column":57}},"101":{"start":{"line":190,"column":6},"end":{"line":190,"column":36}},"102":{"start":{"line":191,"column":6},"end":{"line":191,"column":80}},"103":{"start":{"line":192,"column":6},"end":{"line":192,"column":69}},"104":{"start":{"line":193,"column":6},"end":{"line":193,"column":63}},"105":{"start":{"line":196,"column":4},"end":{"line":198,"column":5}},"106":{"start":{"line":197,"column":6},"end":{"line":197,"column":73}},"107":{"start":{"line":200,"column":4},"end":{"line":202,"column":5}},"108":{"start":{"line":201,"column":6},"end":{"line":201,"column":75}},"109":{"start":{"line":204,"column":4},"end":{"line":206,"column":5}},"110":{"start":{"line":205,"column":6},"end":{"line":205,"column":84}},"111":{"start":{"line":208,"column":4},"end":{"line":210,"column":5}},"112":{"start":{"line":209,"column":6},"end":{"line":209,"column":86}},"113":{"start":{"line":212,"column":4},"end":{"line":214,"column":5}},"114":{"start":{"line":213,"column":6},"end":{"line":213,"column":69}},"115":{"start":{"line":216,"column":4},"end":{"line":218,"column":5}},"116":{"start":{"line":217,"column":6},"end":{"line":217,"column":82}},"117":{"start":{"line":220,"column":4},"end":{"line":227,"column":5}},"118":{"start":{"line":225,"column":6},"end":{"line":225,"column":44}},"119":{"start":{"line":226,"column":6},"end":{"line":226,"column":40}},"120":{"start":{"line":229,"column":4},"end":{"line":231,"column":5}},"121":{"start":{"line":230,"column":6},"end":{"line":230,"column":77}},"122":{"start":{"line":233,"column":25},"end":{"line":235,"column":5}},"123":{"start":{"line":234,"column":52},"end":{"line":234,"column":71}},"124":{"start":{"line":237,"column":17},"end":{"line":239,"column":26}},"125":{"start":{"line":241,"column":4},"end":{"line":241,"column":51}},"126":{"start":{"line":243,"column":4},"end":{"line":243,"column":53}},"127":{"start":{"line":247,"column":0},"end":{"line":288,"column":2}},"128":{"start":{"line":248,"column":2},"end":{"line":287,"column":3}},"129":{"start":{"line":249,"column":19},"end":{"line":249,"column":46}},"130":{"start":{"line":250,"column":17},"end":{"line":250,"column":44}},"131":{"start":{"line":252,"column":4},"end":{"line":254,"column":5}},"132":{"start":{"line":253,"column":6},"end":{"line":253,"column":65}},"133":{"start":{"line":256,"column":26},"end":{"line":256,"column":77}},"134":{"start":{"line":258,"column":4},"end":{"line":279,"column":6}},"135":{"start":{"line":261,"column":10},"end":{"line":277,"column":12}},"136":{"start":{"line":262,"column":35},"end":{"line":262,"column":83}},"137":{"start":{"line":263,"column":29},"end":{"line":263,"column":60}},"138":{"start":{"line":264,"column":12},"end":{"line":267,"column":13}},"139":{"start":{"line":265,"column":14},"end":{"line":265,"column":24}},"140":{"start":{"line":266,"column":14},"end":{"line":266,"column":21}},"141":{"start":{"line":269,"column":33},"end":{"line":269,"column":80}},"142":{"start":{"line":270,"column":12},"end":{"line":276,"column":15}},"143":{"start":{"line":272,"column":14},"end":{"line":274,"column":15}},"144":{"start":{"line":273,"column":16},"end":{"line":273,"column":85}},"145":{"start":{"line":275,"column":14},"end":{"line":275,"column":24}},"146":{"start":{"line":281,"column":4},"end":{"line":281,"column":59}},"147":{"start":{"line":282,"column":4},"end":{"line":282,"column":27}},"148":{"start":{"line":284,"column":4},"end":{"line":284,"column":77}},"149":{"start":{"line":286,"column":4},"end":{"line":286,"column":73}},"150":{"start":{"line":290,"column":0},"end":{"line":317,"column":2}},"151":{"start":{"line":291,"column":48},"end":{"line":291,"column":56}},"152":{"start":{"line":292,"column":2},"end":{"line":316,"column":3}},"153":{"start":{"line":294,"column":24},"end":{"line":294,"column":41}},"154":{"start":{"line":295,"column":17},"end":{"line":295,"column":80}},"155":{"start":{"line":296,"column":4},"end":{"line":298,"column":5}},"156":{"start":{"line":297,"column":6},"end":{"line":297,"column":81}},"157":{"start":{"line":300,"column":19},"end":{"line":300,"column":50}},"158":{"start":{"line":301,"column":17},"end":{"line":306,"column":6}},"159":{"start":{"line":308,"column":4},"end":{"line":308,"column":26}},"160":{"start":{"line":309,"column":4},"end":{"line":309,"column":29}},"161":{"start":{"line":310,"column":4},"end":{"line":310,"column":27}},"162":{"start":{"line":311,"column":4},"end":{"line":311,"column":22}},"163":{"start":{"line":313,"column":4},"end":{"line":313,"column":62}},"164":{"start":{"line":315,"column":4},"end":{"line":315,"column":53}},"165":{"start":{"line":319,"column":0},"end":{"line":332,"column":2}},"166":{"start":{"line":320,"column":2},"end":{"line":331,"column":3}},"167":{"start":{"line":321,"column":17},"end":{"line":321,"column":74}},"168":{"start":{"line":322,"column":19},"end":{"line":326,"column":6}},"169":{"start":{"line":328,"column":4},"end":{"line":328,"column":36}},"170":{"start":{"line":330,"column":4},"end":{"line":330,"column":53}},"171":{"start":{"line":334,"column":0},"end":{"line":359,"column":2}},"172":{"start":{"line":335,"column":2},"end":{"line":358,"column":3}},"173":{"start":{"line":336,"column":23},"end":{"line":336,"column":33}},"174":{"start":{"line":339,"column":17},"end":{"line":339,"column":44}},"175":{"start":{"line":340,"column":4},"end":{"line":342,"column":5}},"176":{"start":{"line":341,"column":6},"end":{"line":341,"column":65}},"177":{"start":{"line":345,"column":4},"end":{"line":347,"column":5}},"178":{"start":{"line":346,"column":6},"end":{"line":346,"column":73}},"179":{"start":{"line":350,"column":4},"end":{"line":350,"column":27}},"180":{"start":{"line":351,"column":4},"end":{"line":351,"column":22}},"181":{"start":{"line":354,"column":41},"end":{"line":354,"column":56}},"182":{"start":{"line":355,"column":4},"end":{"line":355,"column":74}},"183":{"start":{"line":357,"column":4},"end":{"line":357,"column":53}}},"fnMap":{"0":{"name":"(anonymous_0)","decl":{"start":{"line":9,"column":32},"end":{"line":9,"column":33}},"loc":{"start":{"line":9,"column":43},"end":{"line":14,"column":1}},"line":9},"1":{"name":"(anonymous_1)","decl":{"start":{"line":16,"column":19},"end":{"line":16,"column":20}},"loc":{"start":{"line":16,"column":39},"end":{"line":53,"column":1}},"line":16},"2":{"name":"(anonymous_2)","decl":{"start":{"line":55,"column":16},"end":{"line":55,"column":17}},"loc":{"start":{"line":55,"column":36},"end":{"line":91,"column":1}},"line":55},"3":{"name":"(anonymous_3)","decl":{"start":{"line":93,"column":16},"end":{"line":93,"column":17}},"loc":{"start":{"line":93,"column":36},"end":{"line":101,"column":1}},"line":93},"4":{"name":"(anonymous_4)","decl":{"start":{"line":103,"column":21},"end":{"line":103,"column":22}},"loc":{"start":{"line":103,"column":41},"end":{"line":114,"column":1}},"line":103},"5":{"name":"(anonymous_5)","decl":{"start":{"line":116,"column":24},"end":{"line":116,"column":25}},"loc":{"start":{"line":116,"column":44},"end":{"line":245,"column":1}},"line":116},"6":{"name":"(anonymous_6)","decl":{"start":{"line":155,"column":15},"end":{"line":155,"column":16}},"loc":{"start":{"line":155,"column":25},"end":{"line":155,"column":36}},"line":155},"7":{"name":"(anonymous_7)","decl":{"start":{"line":234,"column":37},"end":{"line":234,"column":38}},"loc":{"start":{"line":234,"column":52},"end":{"line":234,"column":71}},"line":234},"8":{"name":"(anonymous_8)","decl":{"start":{"line":247,"column":24},"end":{"line":247,"column":25}},"loc":{"start":{"line":247,"column":44},"end":{"line":288,"column":1}},"line":247},"9":{"name":"(anonymous_9)","decl":{"start":{"line":260,"column":8},"end":{"line":260,"column":9}},"loc":{"start":{"line":261,"column":10},"end":{"line":277,"column":12}},"line":261},"10":{"name":"(anonymous_10)","decl":{"start":{"line":261,"column":22},"end":{"line":261,"column":23}},"loc":{"start":{"line":261,"column":35},"end":{"line":277,"column":11}},"line":261},"11":{"name":"(anonymous_11)","decl":{"start":{"line":270,"column":36},"end":{"line":270,"column":37}},"loc":{"start":{"line":270,"column":45},"end":{"line":276,"column":13}},"line":270},"12":{"name":"(anonymous_12)","decl":{"start":{"line":290,"column":27},"end":{"line":290,"column":28}},"loc":{"start":{"line":290,"column":47},"end":{"line":317,"column":1}},"line":290},"13":{"name":"(anonymous_13)","decl":{"start":{"line":319,"column":29},"end":{"line":319,"column":30}},"loc":{"start":{"line":319,"column":49},"end":{"line":332,"column":1}},"line":319},"14":{"name":"(anonymous_14)","decl":{"start":{"line":334,"column":28},"end":{"line":334,"column":29}},"loc":{"start":{"line":334,"column":48},"end":{"line":359,"column":1}},"line":334}},"branchMap":{"0":{"loc":{"start":{"line":10,"column":2},"end":{"line":10,"column":27}},"type":"if","locations":[{"start":{"line":10,"column":2},"end":{"line":10,"column":27}},{"start":{},"end":{}}],"line":10},"1":{"loc":{"start":{"line":11,"column":2},"end":{"line":11,"column":48}},"type":"if","locations":[{"start":{"line":11,"column":2},"end":{"line":11,"column":48}},{"start":{},"end":{}}],"line":11},"2":{"loc":{"start":{"line":12,"column":2},"end":{"line":12,"column":48}},"type":"if","locations":[{"start":{"line":12,"column":2},"end":{"line":12,"column":48}},{"start":{},"end":{}}],"line":12},"3":{"loc":{"start":{"line":20,"column":4},"end":{"line":20,"column":87}},"type":"if","locations":[{"start":{"line":20,"column":4},"end":{"line":20,"column":87}},{"start":{},"end":{}}],"line":20},"4":{"loc":{"start":{"line":59,"column":4},"end":{"line":59,"column":74}},"type":"if","locations":[{"start":{"line":59,"column":4},"end":{"line":59,"column":74}},{"start":{},"end":{}}],"line":59},"5":{"loc":{"start":{"line":61,"column":4},"end":{"line":63,"column":5}},"type":"if","locations":[{"start":{"line":61,"column":4},"end":{"line":63,"column":5}},{"start":{},"end":{}}],"line":61},"6":{"loc":{"start":{"line":66,"column":4},"end":{"line":66,"column":77}},"type":"if","locations":[{"start":{"line":66,"column":4},"end":{"line":66,"column":77}},{"start":{},"end":{}}],"line":66},"7":{"loc":{"start":{"line":82,"column":10},"end":{"line":84,"column":46}},"type":"cond-expr","locations":[{"start":{"line":83,"column":14},"end":{"line":83,"column":41}},{"start":{"line":84,"column":14},"end":{"line":84,"column":46}}],"line":82},"8":{"loc":{"start":{"line":96,"column":4},"end":{"line":96,"column":74}},"type":"if","locations":[{"start":{"line":96,"column":4},"end":{"line":96,"column":74}},{"start":{},"end":{}}],"line":96},"9":{"loc":{"start":{"line":105,"column":19},"end":{"line":105,"column":46}},"type":"binary-expr","locations":[{"start":{"line":105,"column":19},"end":{"line":105,"column":31}},{"start":{"line":105,"column":35},"end":{"line":105,"column":46}}],"line":105},"10":{"loc":{"start":{"line":107,"column":4},"end":{"line":109,"column":5}},"type":"if","locations":[{"start":{"line":107,"column":4},"end":{"line":109,"column":5}},{"start":{},"end":{}}],"line":107},"11":{"loc":{"start":{"line":118,"column":19},"end":{"line":118,"column":46}},"type":"binary-expr","locations":[{"start":{"line":118,"column":19},"end":{"line":118,"column":31}},{"start":{"line":118,"column":35},"end":{"line":118,"column":46}}],"line":118},"12":{"loc":{"start":{"line":121,"column":4},"end":{"line":123,"column":5}},"type":"if","locations":[{"start":{"line":121,"column":4},"end":{"line":123,"column":5}},{"start":{},"end":{}}],"line":121},"13":{"loc":{"start":{"line":125,"column":4},"end":{"line":130,"column":5}},"type":"if","locations":[{"start":{"line":125,"column":4},"end":{"line":130,"column":5}},{"start":{},"end":{}}],"line":125},"14":{"loc":{"start":{"line":127,"column":6},"end":{"line":129,"column":7}},"type":"if","locations":[{"start":{"line":127,"column":6},"end":{"line":129,"column":7}},{"start":{},"end":{}}],"line":127},"15":{"loc":{"start":{"line":132,"column":4},"end":{"line":143,"column":5}},"type":"if","locations":[{"start":{"line":132,"column":4},"end":{"line":143,"column":5}},{"start":{},"end":{}}],"line":132},"16":{"loc":{"start":{"line":132,"column":8},"end":{"line":132,"column":60}},"type":"binary-expr","locations":[{"start":{"line":132,"column":8},"end":{"line":132,"column":36}},{"start":{"line":132,"column":40},"end":{"line":132,"column":60}}],"line":132},"17":{"loc":{"start":{"line":133,"column":37},"end":{"line":133,"column":67}},"type":"binary-expr","locations":[{"start":{"line":133,"column":37},"end":{"line":133,"column":61}},{"start":{"line":133,"column":65},"end":{"line":133,"column":67}}],"line":133},"18":{"loc":{"start":{"line":136,"column":6},"end":{"line":138,"column":7}},"type":"if","locations":[{"start":{"line":136,"column":6},"end":{"line":138,"column":7}},{"start":{},"end":{}}],"line":136},"19":{"loc":{"start":{"line":140,"column":6},"end":{"line":142,"column":7}},"type":"if","locations":[{"start":{"line":140,"column":6},"end":{"line":142,"column":7}},{"start":{},"end":{}}],"line":140},"20":{"loc":{"start":{"line":146,"column":4},"end":{"line":158,"column":5}},"type":"if","locations":[{"start":{"line":146,"column":4},"end":{"line":158,"column":5}},{"start":{},"end":{}}],"line":146},"21":{"loc":{"start":{"line":149,"column":8},"end":{"line":151,"column":9}},"type":"if","locations":[{"start":{"line":149,"column":8},"end":{"line":151,"column":9}},{"start":{},"end":{}}],"line":149},"22":{"loc":{"start":{"line":164,"column":19},"end":{"line":164,"column":47}},"type":"binary-expr","locations":[{"start":{"line":164,"column":19},"end":{"line":164,"column":39}},{"start":{"line":164,"column":43},"end":{"line":164,"column":47}}],"line":164},"23":{"loc":{"start":{"line":168,"column":4},"end":{"line":194,"column":5}},"type":"if","locations":[{"start":{"line":168,"column":4},"end":{"line":194,"column":5}},{"start":{"line":178,"column":11},"end":{"line":194,"column":5}}],"line":168},"24":{"loc":{"start":{"line":178,"column":11},"end":{"line":194,"column":5}},"type":"if","locations":[{"start":{"line":178,"column":11},"end":{"line":194,"column":5}},{"start":{"line":186,"column":11},"end":{"line":194,"column":5}}],"line":178},"25":{"loc":{"start":{"line":196,"column":4},"end":{"line":198,"column":5}},"type":"if","locations":[{"start":{"line":196,"column":4},"end":{"line":198,"column":5}},{"start":{},"end":{}}],"line":196},"26":{"loc":{"start":{"line":200,"column":4},"end":{"line":202,"column":5}},"type":"if","locations":[{"start":{"line":200,"column":4},"end":{"line":202,"column":5}},{"start":{},"end":{}}],"line":200},"27":{"loc":{"start":{"line":204,"column":4},"end":{"line":206,"column":5}},"type":"if","locations":[{"start":{"line":204,"column":4},"end":{"line":206,"column":5}},{"start":{},"end":{}}],"line":204},"28":{"loc":{"start":{"line":208,"column":4},"end":{"line":210,"column":5}},"type":"if","locations":[{"start":{"line":208,"column":4},"end":{"line":210,"column":5}},{"start":{},"end":{}}],"line":208},"29":{"loc":{"start":{"line":212,"column":4},"end":{"line":214,"column":5}},"type":"if","locations":[{"start":{"line":212,"column":4},"end":{"line":214,"column":5}},{"start":{},"end":{}}],"line":212},"30":{"loc":{"start":{"line":216,"column":4},"end":{"line":218,"column":5}},"type":"if","locations":[{"start":{"line":216,"column":4},"end":{"line":218,"column":5}},{"start":{},"end":{}}],"line":216},"31":{"loc":{"start":{"line":220,"column":4},"end":{"line":227,"column":5}},"type":"if","locations":[{"start":{"line":220,"column":4},"end":{"line":227,"column":5}},{"start":{},"end":{}}],"line":220},"32":{"loc":{"start":{"line":221,"column":6},"end":{"line":223,"column":35}},"type":"binary-expr","locations":[{"start":{"line":221,"column":6},"end":{"line":221,"column":42}},{"start":{"line":222,"column":6},"end":{"line":222,"column":44}},{"start":{"line":223,"column":6},"end":{"line":223,"column":35}}],"line":221},"33":{"loc":{"start":{"line":229,"column":4},"end":{"line":231,"column":5}},"type":"if","locations":[{"start":{"line":229,"column":4},"end":{"line":231,"column":5}},{"start":{},"end":{}}],"line":229},"34":{"loc":{"start":{"line":229,"column":8},"end":{"line":229,"column":60}},"type":"binary-expr","locations":[{"start":{"line":229,"column":8},"end":{"line":229,"column":36}},{"start":{"line":229,"column":40},"end":{"line":229,"column":60}}],"line":229},"35":{"loc":{"start":{"line":249,"column":19},"end":{"line":249,"column":46}},"type":"binary-expr","locations":[{"start":{"line":249,"column":19},"end":{"line":249,"column":31}},{"start":{"line":249,"column":35},"end":{"line":249,"column":46}}],"line":249},"36":{"loc":{"start":{"line":252,"column":4},"end":{"line":254,"column":5}},"type":"if","locations":[{"start":{"line":252,"column":4},"end":{"line":254,"column":5}},{"start":{},"end":{}}],"line":252},"37":{"loc":{"start":{"line":264,"column":12},"end":{"line":267,"column":13}},"type":"if","locations":[{"start":{"line":264,"column":12},"end":{"line":267,"column":13}},{"start":{},"end":{}}],"line":264},"38":{"loc":{"start":{"line":272,"column":14},"end":{"line":274,"column":15}},"type":"if","locations":[{"start":{"line":272,"column":14},"end":{"line":274,"column":15}},{"start":{},"end":{}}],"line":272},"39":{"loc":{"start":{"line":272,"column":18},"end":{"line":272,"column":46}},"type":"binary-expr","locations":[{"start":{"line":272,"column":18},"end":{"line":272,"column":21}},{"start":{"line":272,"column":25},"end":{"line":272,"column":46}}],"line":272},"40":{"loc":{"start":{"line":296,"column":4},"end":{"line":298,"column":5}},"type":"if","locations":[{"start":{"line":296,"column":4},"end":{"line":298,"column":5}},{"start":{},"end":{}}],"line":296},"41":{"loc":{"start":{"line":296,"column":8},"end":{"line":296,"column":59}},"type":"binary-expr","locations":[{"start":{"line":296,"column":8},"end":{"line":296,"column":13}},{"start":{"line":296,"column":17},"end":{"line":296,"column":44}},{"start":{"line":296,"column":48},"end":{"line":296,"column":59}}],"line":296},"42":{"loc":{"start":{"line":340,"column":4},"end":{"line":342,"column":5}},"type":"if","locations":[{"start":{"line":340,"column":4},"end":{"line":342,"column":5}},{"start":{},"end":{}}],"line":340},"43":{"loc":{"start":{"line":345,"column":4},"end":{"line":347,"column":5}},"type":"if","locations":[{"start":{"line":345,"column":4},"end":{"line":347,"column":5}},{"start":{},"end":{}}],"line":345}},"s":{"0":0,"1":0,"2":0,"3":0,"4":0,"5":0,"6":0,"7":0,"8":0,"9":0,"10":0,"11":0,"12":0,"13":0,"14":0,"15":0,"16":0,"17":0,"18":0,"19":0,"20":0,"21":0,"22":0,"23":0,"24":0,"25":0,"26":0,"27":0,"28":0,"29":0,"30":0,"31":0,"32":0,"33":0,"34":0,"35":0,"36":0,"37":0,"38":0,"39":0,"40":0,"41":0,"42":0,"43":0,"44":0,"45":0,"46":0,"47":0,"48":0,"49":0,"50":0,"51":0,"52":0,"53":0,"54":0,"55":0,"56":0,"57":0,"58":0,"59":0,"60":0,"61":0,"62":0,"63":0,"64":0,"65":0,"66":0,"67":0,"68":0,"69":0,"70":0,"71":0,"72":0,"73":0,"74":0,"75":0,"76":0,"77":0,"78":0,"79":0,"80":0,"81":0,"82":0,"83":0,"84":0,"85":0,"86":0,"87":0,"88":0,"89":0,"90":0,"91":0,"92":0,"93":0,"94":0,"95":0,"96":0,"97":0,"98":0,"99":0,"100":0,"101":0,"102":0,"103":0,"104":0,"105":0,"106":0,"107":0,"108":0,"109":0,"110":0,"111":0,"112":0,"113":0,"114":0,"115":0,"116":0,"117":0,"118":0,"119":0,"120":0,"121":0,"122":0,"123":0,"124":0,"125":0,"126":0,"127":0,"128":0,"129":0,"130":0,"131":0,"132":0,"133":0,"134":0,"135":0,"136":0,"137":0,"138":0,"139":0,"140":0,"141":0,"142":0,"143":0,"144":0,"145":0,"146":0,"147":0,"148":0,"149":0,"150":0,"151":0,"152":0,"153":0,"154":0,"155":0,"156":0,"157":0,"158":0,"159":0,"160":0,"161":0,"162":0,"163":0,"164":0,"165":0,"166":0,"167":0,"168":0,"169":0,"170":0,"171":0,"172":0,"173":0,"174":0,"175":0,"176":0,"177":0,"178":0,"179":0,"180":0,"181":0,"182":0,"183":0},"f":{"0":0,"1":0,"2":0,"3":0,"4":0,"5":0,"6":0,"7":0,"8":0,"9":0,"10":0,"11":0,"12":0,"13":0,"14":0},"b":{"0":[0,0],"1":[0,0],"2":[0,0],"3":[0,0],"4":[0,0],"5":[0,0],"6":[0,0],"7":[0,0],"8":[0,0],"9":[0,0],"10":[0,0],"11":[0,0],"12":[0,0],"13":[0,0],"14":[0,0],"15":[0,0],"16":[0,0],"17":[0,0],"18":[0,0],"19":[0,0],"20":[0,0],"21":[0,0],"22":[0,0],"23":[0,0],"24":[0,0],"25":[0,0],"26":[0,0],"27":[0,0],"28":[0,0],"29":[0,0],"30":[0,0],"31":[0,0],"32":[0,0,0],"33":[0,0],"34":[0,0],"35":[0,0],"36":[0,0],"37":[0,0],"38":[0,0],"39":[0,0],"40":[0,0],"41":[0,0,0],"42":[0,0],"43":[0,0]}}
,"C:\\Users\\User\\Desktop\\PowerWacth-main\\server\\controllers\\employerController.js": {"path":"C:\\Users\\User\\Desktop\\PowerWacth-main\\server\\controllers\\employerController.js","statementMap":{"0":{"start":{"line":1,"column":19},"end":{"line":1,"column":50}},"1":{"start":{"line":2,"column":23},"end":{"line":2,"column":58}},"2":{"start":{"line":3,"column":16},"end":{"line":3,"column":44}},"3":{"start":{"line":4,"column":43},"end":{"line":4,"column":73}},"4":{"start":{"line":6,"column":18},"end":{"line":6,"column":54}},"5":{"start":{"line":6,"column":27},"end":{"line":6,"column":54}},"6":{"start":{"line":8,"column":0},"end":{"line":27,"column":2}},"7":{"start":{"line":9,"column":2},"end":{"line":26,"column":3}},"8":{"start":{"line":10,"column":23},"end":{"line":10,"column":37}},"9":{"start":{"line":11,"column":17},"end":{"line":11,"column":88}},"10":{"start":{"line":13,"column":27},"end":{"line":21,"column":5}},"11":{"start":{"line":15,"column":31},"end":{"line":15,"column":88}},"12":{"start":{"line":16,"column":8},"end":{"line":19,"column":10}},"13":{"start":{"line":23,"column":4},"end":{"line":23,"column":36}},"14":{"start":{"line":25,"column":4},"end":{"line":25,"column":78}},"15":{"start":{"line":29,"column":0},"end":{"line":56,"column":2}},"16":{"start":{"line":30,"column":2},"end":{"line":55,"column":3}},"17":{"start":{"line":31,"column":23},"end":{"line":31,"column":37}},"18":{"start":{"line":32,"column":83},"end":{"line":32,"column":91}},"19":{"start":{"line":34,"column":4},"end":{"line":36,"column":5}},"20":{"start":{"line":35,"column":6},"end":{"line":35,"column":96}},"21":{"start":{"line":38,"column":16},"end":{"line":50,"column":6}},"22":{"start":{"line":52,"column":4},"end":{"line":52,"column":37}},"23":{"start":{"line":54,"column":4},"end":{"line":54,"column":69}},"24":{"start":{"line":58,"column":0},"end":{"line":93,"column":2}},"25":{"start":{"line":59,"column":2},"end":{"line":92,"column":3}},"26":{"start":{"line":60,"column":23},"end":{"line":60,"column":45}},"27":{"start":{"line":61,"column":19},"end":{"line":61,"column":29}},"28":{"start":{"line":63,"column":16},"end":{"line":63,"column":45}},"29":{"start":{"line":64,"column":4},"end":{"line":66,"column":5}},"30":{"start":{"line":65,"column":6},"end":{"line":65,"column":64}},"31":{"start":{"line":68,"column":4},"end":{"line":70,"column":5}},"32":{"start":{"line":69,"column":6},"end":{"line":69,"column":83}},"33":{"start":{"line":72,"column":26},"end":{"line":72,"column":118}},"34":{"start":{"line":73,"column":4},"end":{"line":77,"column":7}},"35":{"start":{"line":74,"column":6},"end":{"line":76,"column":7}},"36":{"start":{"line":75,"column":8},"end":{"line":75,"column":37}},"37":{"start":{"line":79,"column":4},"end":{"line":81,"column":5}},"38":{"start":{"line":80,"column":6},"end":{"line":80,"column":27}},"39":{"start":{"line":82,"column":4},"end":{"line":84,"column":5}},"40":{"start":{"line":83,"column":6},"end":{"line":83,"column":26}},"41":{"start":{"line":86,"column":4},"end":{"line":86,"column":31}},"42":{"start":{"line":88,"column":4},"end":{"line":88,"column":21}},"43":{"start":{"line":89,"column":4},"end":{"line":89,"column":25}},"44":{"start":{"line":91,"column":4},"end":{"line":91,"column":69}},"45":{"start":{"line":95,"column":0},"end":{"line":118,"column":2}},"46":{"start":{"line":96,"column":2},"end":{"line":117,"column":3}},"47":{"start":{"line":97,"column":23},"end":{"line":97,"column":45}},"48":{"start":{"line":98,"column":19},"end":{"line":98,"column":29}},"49":{"start":{"line":100,"column":16},"end":{"line":100,"column":45}},"50":{"start":{"line":101,"column":4},"end":{"line":103,"column":5}},"51":{"start":{"line":102,"column":6},"end":{"line":102,"column":64}},"52":{"start":{"line":105,"column":4},"end":{"line":107,"column":5}},"53":{"start":{"line":106,"column":6},"end":{"line":106,"column":82}},"54":{"start":{"line":109,"column":4},"end":{"line":109,"column":26}},"55":{"start":{"line":110,"column":4},"end":{"line":110,"column":25}},"56":{"start":{"line":111,"column":4},"end":{"line":111,"column":31}},"57":{"start":{"line":112,"column":4},"end":{"line":112,"column":21}},"58":{"start":{"line":114,"column":4},"end":{"line":114,"column":65}},"59":{"start":{"line":116,"column":4},"end":{"line":116,"column":68}},"60":{"start":{"line":120,"column":0},"end":{"line":142,"column":2}},"61":{"start":{"line":121,"column":2},"end":{"line":141,"column":3}},"62":{"start":{"line":122,"column":23},"end":{"line":122,"column":45}},"63":{"start":{"line":123,"column":22},"end":{"line":123,"column":32}},"64":{"start":{"line":125,"column":16},"end":{"line":125,"column":48}},"65":{"start":{"line":126,"column":4},"end":{"line":128,"column":5}},"66":{"start":{"line":127,"column":6},"end":{"line":127,"column":64}},"67":{"start":{"line":130,"column":4},"end":{"line":132,"column":5}},"68":{"start":{"line":131,"column":6},"end":{"line":131,"column":97}},"69":{"start":{"line":134,"column":25},"end":{"line":136,"column":30}},"70":{"start":{"line":138,"column":4},"end":{"line":138,"column":34}},"71":{"start":{"line":140,"column":4},"end":{"line":140,"column":75}},"72":{"start":{"line":144,"column":0},"end":{"line":216,"column":2}},"73":{"start":{"line":145,"column":2},"end":{"line":215,"column":3}},"74":{"start":{"line":146,"column":23},"end":{"line":146,"column":45}},"75":{"start":{"line":147,"column":30},"end":{"line":147,"column":40}},"76":{"start":{"line":148,"column":37},"end":{"line":148,"column":45}},"77":{"start":{"line":150,"column":20},"end":{"line":150,"column":79}},"78":{"start":{"line":151,"column":4},"end":{"line":153,"column":5}},"79":{"start":{"line":152,"column":6},"end":{"line":152,"column":65}},"80":{"start":{"line":155,"column":24},"end":{"line":157,"column":36}},"81":{"start":{"line":158,"column":4},"end":{"line":160,"column":5}},"82":{"start":{"line":159,"column":6},"end":{"line":159,"column":72}},"83":{"start":{"line":162,"column":4},"end":{"line":164,"column":5}},"84":{"start":{"line":163,"column":6},"end":{"line":163,"column":101}},"85":{"start":{"line":166,"column":4},"end":{"line":166,"column":32}},"86":{"start":{"line":167,"column":4},"end":{"line":169,"column":5}},"87":{"start":{"line":168,"column":6},"end":{"line":168,"column":46}},"88":{"start":{"line":170,"column":4},"end":{"line":170,"column":45}},"89":{"start":{"line":172,"column":4},"end":{"line":172,"column":29}},"90":{"start":{"line":174,"column":4},"end":{"line":206,"column":5}},"91":{"start":{"line":175,"column":27},"end":{"line":175,"column":98}},"92":{"start":{"line":177,"column":33},"end":{"line":177,"column":91}},"93":{"start":{"line":178,"column":6},"end":{"line":205,"column":7}},"94":{"start":{"line":179,"column":30},"end":{"line":179,"column":68}},"95":{"start":{"line":180,"column":25},"end":{"line":180,"column":66}},"96":{"start":{"line":181,"column":28},"end":{"line":181,"column":135}},"97":{"start":{"line":183,"column":28},"end":{"line":188,"column":10}},"98":{"start":{"line":190,"column":8},"end":{"line":190,"column":55}},"99":{"start":{"line":191,"column":8},"end":{"line":191,"column":59}},"100":{"start":{"line":192,"column":8},"end":{"line":192,"column":34}},"101":{"start":{"line":194,"column":19},"end":{"line":194,"column":36}},"102":{"start":{"line":195,"column":8},"end":{"line":204,"column":9}},"103":{"start":{"line":196,"column":10},"end":{"line":203,"column":13}},"104":{"start":{"line":208,"column":31},"end":{"line":210,"column":44}},"105":{"start":{"line":212,"column":4},"end":{"line":212,"column":40}},"106":{"start":{"line":214,"column":4},"end":{"line":214,"column":84}},"107":{"start":{"line":218,"column":0},"end":{"line":255,"column":2}},"108":{"start":{"line":219,"column":2},"end":{"line":254,"column":3}},"109":{"start":{"line":220,"column":23},"end":{"line":220,"column":37}},"110":{"start":{"line":222,"column":17},"end":{"line":222,"column":85}},"111":{"start":{"line":223,"column":19},"end":{"line":223,"column":45}},"112":{"start":{"line":223,"column":37},"end":{"line":223,"column":44}},"113":{"start":{"line":225,"column":65},"end":{"line":239,"column":6}},"114":{"start":{"line":241,"column":22},"end":{"line":241,"column":33}},"115":{"start":{"line":242,"column":23},"end":{"line":242,"column":75}},"116":{"start":{"line":242,"column":44},"end":{"line":242,"column":67}},"117":{"start":{"line":244,"column":4},"end":{"line":251,"column":7}},"118":{"start":{"line":253,"column":4},"end":{"line":253,"column":79}},"119":{"start":{"line":257,"column":0},"end":{"line":276,"column":2}},"120":{"start":{"line":258,"column":2},"end":{"line":275,"column":3}},"121":{"start":{"line":259,"column":23},"end":{"line":259,"column":37}},"122":{"start":{"line":261,"column":17},"end":{"line":261,"column":85}},"123":{"start":{"line":262,"column":19},"end":{"line":262,"column":45}},"124":{"start":{"line":262,"column":37},"end":{"line":262,"column":44}},"125":{"start":{"line":264,"column":28},"end":{"line":264,"column":93}},"126":{"start":{"line":265,"column":23},"end":{"line":265,"column":75}},"127":{"start":{"line":265,"column":44},"end":{"line":265,"column":67}},"128":{"start":{"line":266,"column":23},"end":{"line":266,"column":75}},"129":{"start":{"line":266,"column":44},"end":{"line":266,"column":67}},"130":{"start":{"line":268,"column":4},"end":{"line":272,"column":7}},"131":{"start":{"line":274,"column":4},"end":{"line":274,"column":87}}},"fnMap":{"0":{"name":"(anonymous_0)","decl":{"start":{"line":6,"column":18},"end":{"line":6,"column":19}},"loc":{"start":{"line":6,"column":27},"end":{"line":6,"column":54}},"line":6},"1":{"name":"(anonymous_1)","decl":{"start":{"line":8,"column":26},"end":{"line":8,"column":27}},"loc":{"start":{"line":8,"column":46},"end":{"line":27,"column":1}},"line":8},"2":{"name":"(anonymous_2)","decl":{"start":{"line":14,"column":15},"end":{"line":14,"column":16}},"loc":{"start":{"line":14,"column":30},"end":{"line":20,"column":7}},"line":14},"3":{"name":"(anonymous_3)","decl":{"start":{"line":29,"column":20},"end":{"line":29,"column":21}},"loc":{"start":{"line":29,"column":40},"end":{"line":56,"column":1}},"line":29},"4":{"name":"(anonymous_4)","decl":{"start":{"line":58,"column":20},"end":{"line":58,"column":21}},"loc":{"start":{"line":58,"column":40},"end":{"line":93,"column":1}},"line":58},"5":{"name":"(anonymous_5)","decl":{"start":{"line":73,"column":26},"end":{"line":73,"column":27}},"loc":{"start":{"line":73,"column":37},"end":{"line":77,"column":5}},"line":73},"6":{"name":"(anonymous_6)","decl":{"start":{"line":95,"column":20},"end":{"line":95,"column":21}},"loc":{"start":{"line":95,"column":40},"end":{"line":118,"column":1}},"line":95},"7":{"name":"(anonymous_7)","decl":{"start":{"line":120,"column":30},"end":{"line":120,"column":31}},"loc":{"start":{"line":120,"column":50},"end":{"line":142,"column":1}},"line":120},"8":{"name":"(anonymous_8)","decl":{"start":{"line":144,"column":34},"end":{"line":144,"column":35}},"loc":{"start":{"line":144,"column":54},"end":{"line":216,"column":1}},"line":144},"9":{"name":"(anonymous_9)","decl":{"start":{"line":218,"column":27},"end":{"line":218,"column":28}},"loc":{"start":{"line":218,"column":47},"end":{"line":255,"column":1}},"line":218},"10":{"name":"(anonymous_10)","decl":{"start":{"line":223,"column":28},"end":{"line":223,"column":29}},"loc":{"start":{"line":223,"column":37},"end":{"line":223,"column":44}},"line":223},"11":{"name":"(anonymous_11)","decl":{"start":{"line":242,"column":35},"end":{"line":242,"column":36}},"loc":{"start":{"line":242,"column":44},"end":{"line":242,"column":67}},"line":242},"12":{"name":"(anonymous_12)","decl":{"start":{"line":257,"column":34},"end":{"line":257,"column":35}},"loc":{"start":{"line":257,"column":54},"end":{"line":276,"column":1}},"line":257},"13":{"name":"(anonymous_13)","decl":{"start":{"line":262,"column":28},"end":{"line":262,"column":29}},"loc":{"start":{"line":262,"column":37},"end":{"line":262,"column":44}},"line":262},"14":{"name":"(anonymous_14)","decl":{"start":{"line":265,"column":35},"end":{"line":265,"column":36}},"loc":{"start":{"line":265,"column":44},"end":{"line":265,"column":67}},"line":265},"15":{"name":"(anonymous_15)","decl":{"start":{"line":266,"column":35},"end":{"line":266,"column":36}},"loc":{"start":{"line":266,"column":44},"end":{"line":266,"column":67}},"line":266}},"branchMap":{"0":{"loc":{"start":{"line":6,"column":27},"end":{"line":6,"column":54}},"type":"binary-expr","locations":[{"start":{"line":6,"column":27},"end":{"line":6,"column":39}},{"start":{"line":6,"column":43},"end":{"line":6,"column":54}}],"line":6},"1":{"loc":{"start":{"line":34,"column":4},"end":{"line":36,"column":5}},"type":"if","locations":[{"start":{"line":34,"column":4},"end":{"line":36,"column":5}},{"start":{},"end":{}}],"line":34},"2":{"loc":{"start":{"line":34,"column":8},"end":{"line":34,"column":43}},"type":"binary-expr","locations":[{"start":{"line":34,"column":8},"end":{"line":34,"column":14}},{"start":{"line":34,"column":18},"end":{"line":34,"column":27}},{"start":{"line":34,"column":31},"end":{"line":34,"column":43}}],"line":34},"3":{"loc":{"start":{"line":42,"column":14},"end":{"line":42,"column":49}},"type":"cond-expr","locations":[{"start":{"line":42,"column":23},"end":{"line":42,"column":44}},{"start":{"line":42,"column":47},"end":{"line":42,"column":49}}],"line":42},"4":{"loc":{"start":{"line":43,"column":20},"end":{"line":43,"column":67}},"type":"cond-expr","locations":[{"start":{"line":43,"column":35},"end":{"line":43,"column":62}},{"start":{"line":43,"column":65},"end":{"line":43,"column":67}}],"line":43},"5":{"loc":{"start":{"line":44,"column":15},"end":{"line":44,"column":37}},"type":"binary-expr","locations":[{"start":{"line":44,"column":15},"end":{"line":44,"column":22}},{"start":{"line":44,"column":26},"end":{"line":44,"column":37}}],"line":44},"6":{"loc":{"start":{"line":45,"column":13},"end":{"line":45,"column":50}},"type":"cond-expr","locations":[{"start":{"line":45,"column":33},"end":{"line":45,"column":46}},{"start":{"line":45,"column":49},"end":{"line":45,"column":50}}],"line":45},"7":{"loc":{"start":{"line":64,"column":4},"end":{"line":66,"column":5}},"type":"if","locations":[{"start":{"line":64,"column":4},"end":{"line":66,"column":5}},{"start":{},"end":{}}],"line":64},"8":{"loc":{"start":{"line":68,"column":4},"end":{"line":70,"column":5}},"type":"if","locations":[{"start":{"line":68,"column":4},"end":{"line":70,"column":5}},{"start":{},"end":{}}],"line":68},"9":{"loc":{"start":{"line":74,"column":6},"end":{"line":76,"column":7}},"type":"if","locations":[{"start":{"line":74,"column":6},"end":{"line":76,"column":7}},{"start":{},"end":{}}],"line":74},"10":{"loc":{"start":{"line":79,"column":4},"end":{"line":81,"column":5}},"type":"if","locations":[{"start":{"line":79,"column":4},"end":{"line":81,"column":5}},{"start":{},"end":{}}],"line":79},"11":{"loc":{"start":{"line":82,"column":4},"end":{"line":84,"column":5}},"type":"if","locations":[{"start":{"line":82,"column":4},"end":{"line":84,"column":5}},{"start":{},"end":{}}],"line":82},"12":{"loc":{"start":{"line":101,"column":4},"end":{"line":103,"column":5}},"type":"if","locations":[{"start":{"line":101,"column":4},"end":{"line":103,"column":5}},{"start":{},"end":{}}],"line":101},"13":{"loc":{"start":{"line":105,"column":4},"end":{"line":107,"column":5}},"type":"if","locations":[{"start":{"line":105,"column":4},"end":{"line":107,"column":5}},{"start":{},"end":{}}],"line":105},"14":{"loc":{"start":{"line":126,"column":4},"end":{"line":128,"column":5}},"type":"if","locations":[{"start":{"line":126,"column":4},"end":{"line":128,"column":5}},{"start":{},"end":{}}],"line":126},"15":{"loc":{"start":{"line":130,"column":4},"end":{"line":132,"column":5}},"type":"if","locations":[{"start":{"line":130,"column":4},"end":{"line":132,"column":5}},{"start":{},"end":{}}],"line":130},"16":{"loc":{"start":{"line":151,"column":4},"end":{"line":153,"column":5}},"type":"if","locations":[{"start":{"line":151,"column":4},"end":{"line":153,"column":5}},{"start":{},"end":{}}],"line":151},"17":{"loc":{"start":{"line":158,"column":4},"end":{"line":160,"column":5}},"type":"if","locations":[{"start":{"line":158,"column":4},"end":{"line":160,"column":5}},{"start":{},"end":{}}],"line":158},"18":{"loc":{"start":{"line":162,"column":4},"end":{"line":164,"column":5}},"type":"if","locations":[{"start":{"line":162,"column":4},"end":{"line":164,"column":5}},{"start":{},"end":{}}],"line":162},"19":{"loc":{"start":{"line":162,"column":8},"end":{"line":162,"column":83}},"type":"binary-expr","locations":[{"start":{"line":162,"column":8},"end":{"line":162,"column":28}},{"start":{"line":162,"column":32},"end":{"line":162,"column":83}}],"line":162},"20":{"loc":{"start":{"line":167,"column":4},"end":{"line":169,"column":5}},"type":"if","locations":[{"start":{"line":167,"column":4},"end":{"line":169,"column":5}},{"start":{},"end":{}}],"line":167},"21":{"loc":{"start":{"line":174,"column":4},"end":{"line":206,"column":5}},"type":"if","locations":[{"start":{"line":174,"column":4},"end":{"line":206,"column":5}},{"start":{},"end":{}}],"line":174},"22":{"loc":{"start":{"line":178,"column":6},"end":{"line":205,"column":7}},"type":"if","locations":[{"start":{"line":178,"column":6},"end":{"line":205,"column":7}},{"start":{},"end":{}}],"line":178},"23":{"loc":{"start":{"line":179,"column":30},"end":{"line":179,"column":68}},"type":"binary-expr","locations":[{"start":{"line":179,"column":30},"end":{"line":179,"column":57}},{"start":{"line":179,"column":61},"end":{"line":179,"column":68}}],"line":179},"24":{"loc":{"start":{"line":180,"column":25},"end":{"line":180,"column":66}},"type":"binary-expr","locations":[{"start":{"line":180,"column":25},"end":{"line":180,"column":51}},{"start":{"line":180,"column":55},"end":{"line":180,"column":66}}],"line":180},"25":{"loc":{"start":{"line":195,"column":8},"end":{"line":204,"column":9}},"type":"if","locations":[{"start":{"line":195,"column":8},"end":{"line":204,"column":9}},{"start":{},"end":{}}],"line":195}},"s":{"0":0,"1":0,"2":0,"3":0,"4":0,"5":0,"6":0,"7":0,"8":0,"9":0,"10":0,"11":0,"12":0,"13":0,"14":0,"15":0,"16":0,"17":0,"18":0,"19":0,"20":0,"21":0,"22":0,"23":0,"24":0,"25":0,"26":0,"27":0,"28":0,"29":0,"30":0,"31":0,"32":0,"33":0,"34":0,"35":0,"36":0,"37":0,"38":0,"39":0,"40":0,"41":0,"42":0,"43":0,"44":0,"45":0,"46":0,"47":0,"48":0,"49":0,"50":0,"51":0,"52":0,"53":0,"54":0,"55":0,"56":0,"57":0,"58":0,"59":0,"60":0,"61":0,"62":0,"63":0,"64":0,"65":0,"66":0,"67":0,"68":0,"69":0,"70":0,"71":0,"72":0,"73":0,"74":0,"75":0,"76":0,"77":0,"78":0,"79":0,"80":0,"81":0,"82":0,"83":0,"84":0,"85":0,"86":0,"87":0,"88":0,"89":0,"90":0,"91":0,"92":0,"93":0,"94":0,"95":0,"96":0,"97":0,"98":0,"99":0,"100":0,"101":0,"102":0,"103":0,"104":0,"105":0,"106":0,"107":0,"108":0,"109":0,"110":0,"111":0,"112":0,"113":0,"114":0,"115":0,"116":0,"117":0,"118":0,"119":0,"120":0,"121":0,"122":0,"123":0,"124":0,"125":0,"126":0,"127":0,"128":0,"129":0,"130":0,"131":0},"f":{"0":0,"1":0,"2":0,"3":0,"4":0,"5":0,"6":0,"7":0,"8":0,"9":0,"10":0,"11":0,"12":0,"13":0,"14":0,"15":0},"b":{"0":[0,0],"1":[0,0],"2":[0,0,0],"3":[0,0],"4":[0,0],"5":[0,0],"6":[0,0],"7":[0,0],"8":[0,0],"9":[0,0],"10":[0,0],"11":[0,0],"12":[0,0],"13":[0,0],"14":[0,0],"15":[0,0],"16":[0,0],"17":[0,0],"18":[0,0],"19":[0,0],"20":[0,0],"21":[0,0],"22":[0,0],"23":[0,0],"24":[0,0],"25":[0,0]}}
,"C:\\Users\\User\\Desktop\\PowerWacth-main\\server\\controllers\\jobController.js": {"path":"C:\\Users\\User\\Desktop\\PowerWacth-main\\server\\controllers\\jobController.js","statementMap":{"0":{"start":{"line":1,"column":19},"end":{"line":1,"column":50}},"1":{"start":{"line":2,"column":23},"end":{"line":2,"column":58}},"2":{"start":{"line":3,"column":13},"end":{"line":3,"column":38}},"3":{"start":{"line":4,"column":16},"end":{"line":4,"column":44}},"4":{"start":{"line":5,"column":43},"end":{"line":5,"column":73}},"5":{"start":{"line":7,"column":0},"end":{"line":26,"column":2}},"6":{"start":{"line":8,"column":2},"end":{"line":25,"column":3}},"7":{"start":{"line":9,"column":53},"end":{"line":9,"column":61}},"8":{"start":{"line":10,"column":4},"end":{"line":12,"column":5}},"9":{"start":{"line":11,"column":6},"end":{"line":11,"column":96}},"10":{"start":{"line":14,"column":16},"end":{"line":20,"column":6}},"11":{"start":{"line":22,"column":4},"end":{"line":22,"column":58}},"12":{"start":{"line":24,"column":4},"end":{"line":24,"column":53}},"13":{"start":{"line":28,"column":0},"end":{"line":37,"column":2}},"14":{"start":{"line":29,"column":2},"end":{"line":36,"column":3}},"15":{"start":{"line":30,"column":17},"end":{"line":32,"column":30}},"16":{"start":{"line":33,"column":4},"end":{"line":33,"column":19}},"17":{"start":{"line":35,"column":4},"end":{"line":35,"column":53}},"18":{"start":{"line":39,"column":0},"end":{"line":47,"column":2}},"19":{"start":{"line":40,"column":2},"end":{"line":46,"column":3}},"20":{"start":{"line":41,"column":16},"end":{"line":41,"column":197}},"21":{"start":{"line":42,"column":4},"end":{"line":42,"column":72}},"22":{"start":{"line":42,"column":14},"end":{"line":42,"column":72}},"23":{"start":{"line":43,"column":4},"end":{"line":43,"column":18}},"24":{"start":{"line":45,"column":4},"end":{"line":45,"column":53}},"25":{"start":{"line":49,"column":0},"end":{"line":71,"column":2}},"26":{"start":{"line":50,"column":2},"end":{"line":70,"column":3}},"27":{"start":{"line":51,"column":16},"end":{"line":51,"column":56}},"28":{"start":{"line":52,"column":4},"end":{"line":52,"column":72}},"29":{"start":{"line":52,"column":14},"end":{"line":52,"column":72}},"30":{"start":{"line":54,"column":4},"end":{"line":56,"column":5}},"31":{"start":{"line":55,"column":6},"end":{"line":55,"column":92}},"32":{"start":{"line":58,"column":20},"end":{"line":64,"column":5}},"33":{"start":{"line":66,"column":23},"end":{"line":66,"column":96}},"34":{"start":{"line":67,"column":4},"end":{"line":67,"column":58}},"35":{"start":{"line":69,"column":4},"end":{"line":69,"column":53}},"36":{"start":{"line":73,"column":0},"end":{"line":87,"column":2}},"37":{"start":{"line":74,"column":2},"end":{"line":86,"column":3}},"38":{"start":{"line":75,"column":16},"end":{"line":75,"column":56}},"39":{"start":{"line":76,"column":4},"end":{"line":76,"column":72}},"40":{"start":{"line":76,"column":14},"end":{"line":76,"column":72}},"41":{"start":{"line":78,"column":4},"end":{"line":80,"column":5}},"42":{"start":{"line":79,"column":6},"end":{"line":79,"column":92}},"43":{"start":{"line":82,"column":4},"end":{"line":82,"column":54}},"44":{"start":{"line":83,"column":4},"end":{"line":83,"column":49}},"45":{"start":{"line":85,"column":4},"end":{"line":85,"column":53}},"46":{"start":{"line":89,"column":0},"end":{"line":113,"column":2}},"47":{"start":{"line":90,"column":2},"end":{"line":112,"column":3}},"48":{"start":{"line":91,"column":16},"end":{"line":91,"column":56}},"49":{"start":{"line":92,"column":4},"end":{"line":92,"column":72}},"50":{"start":{"line":92,"column":14},"end":{"line":92,"column":72}},"51":{"start":{"line":94,"column":32},"end":{"line":97,"column":6}},"52":{"start":{"line":98,"column":4},"end":{"line":100,"column":5}},"53":{"start":{"line":99,"column":6},"end":{"line":99,"column":87}},"54":{"start":{"line":102,"column":24},"end":{"line":107,"column":6}},"55":{"start":{"line":109,"column":4},"end":{"line":109,"column":77}},"56":{"start":{"line":111,"column":4},"end":{"line":111,"column":53}},"57":{"start":{"line":115,"column":0},"end":{"line":155,"column":2}},"58":{"start":{"line":116,"column":2},"end":{"line":154,"column":3}},"59":{"start":{"line":117,"column":16},"end":{"line":117,"column":56}},"60":{"start":{"line":118,"column":4},"end":{"line":118,"column":72}},"61":{"start":{"line":118,"column":14},"end":{"line":118,"column":72}},"62":{"start":{"line":120,"column":4},"end":{"line":122,"column":5}},"63":{"start":{"line":121,"column":6},"end":{"line":121,"column":64}},"64":{"start":{"line":124,"column":25},"end":{"line":126,"column":30}},"65":{"start":{"line":128,"column":4},"end":{"line":149,"column":5}},"66":{"start":{"line":129,"column":6},"end":{"line":148,"column":7}},"67":{"start":{"line":130,"column":29},"end":{"line":130,"column":106}},"68":{"start":{"line":131,"column":35},"end":{"line":131,"column":93}},"69":{"start":{"line":133,"column":8},"end":{"line":147,"column":9}},"70":{"start":{"line":134,"column":32},"end":{"line":134,"column":70}},"71":{"start":{"line":135,"column":30},"end":{"line":135,"column":138}},"72":{"start":{"line":137,"column":30},"end":{"line":142,"column":12}},"73":{"start":{"line":144,"column":10},"end":{"line":144,"column":57}},"74":{"start":{"line":145,"column":10},"end":{"line":145,"column":61}},"75":{"start":{"line":146,"column":10},"end":{"line":146,"column":36}},"76":{"start":{"line":151,"column":4},"end":{"line":151,"column":27}},"77":{"start":{"line":153,"column":4},"end":{"line":153,"column":53}},"78":{"start":{"line":157,"column":0},"end":{"line":209,"column":2}},"79":{"start":{"line":158,"column":2},"end":{"line":208,"column":3}},"80":{"start":{"line":159,"column":25},"end":{"line":168,"column":30}},"81":{"start":{"line":170,"column":23},"end":{"line":203,"column":5}},"82":{"start":{"line":172,"column":21},"end":{"line":172,"column":43}},"83":{"start":{"line":173,"column":24},"end":{"line":173,"column":37}},"84":{"start":{"line":175,"column":8},"end":{"line":177,"column":9}},"85":{"start":{"line":176,"column":10},"end":{"line":176,"column":22}},"86":{"start":{"line":179,"column":30},"end":{"line":179,"column":46}},"87":{"start":{"line":180,"column":33},"end":{"line":180,"column":105}},"88":{"start":{"line":182,"column":8},"end":{"line":184,"column":9}},"89":{"start":{"line":183,"column":10},"end":{"line":183,"column":22}},"90":{"start":{"line":187,"column":10},"end":{"line":191,"column":20}},"91":{"start":{"line":193,"column":8},"end":{"line":196,"column":9}},"92":{"start":{"line":194,"column":10},"end":{"line":194,"column":81}},"93":{"start":{"line":195,"column":10},"end":{"line":195,"column":22}},"94":{"start":{"line":198,"column":32},"end":{"line":198,"column":103}},"95":{"start":{"line":199,"column":8},"end":{"line":199,"column":98}},"96":{"start":{"line":201,"column":8},"end":{"line":201,"column":20}},"97":{"start":{"line":205,"column":4},"end":{"line":205,"column":25}},"98":{"start":{"line":207,"column":4},"end":{"line":207,"column":53}},"99":{"start":{"line":211,"column":0},"end":{"line":266,"column":2}},"100":{"start":{"line":212,"column":2},"end":{"line":265,"column":3}},"101":{"start":{"line":213,"column":24},"end":{"line":213,"column":68}},"102":{"start":{"line":214,"column":4},"end":{"line":216,"column":5}},"103":{"start":{"line":215,"column":6},"end":{"line":215,"column":72}},"104":{"start":{"line":218,"column":4},"end":{"line":220,"column":5}},"105":{"start":{"line":219,"column":6},"end":{"line":219,"column":92}},"106":{"start":{"line":222,"column":4},"end":{"line":224,"column":5}},"107":{"start":{"line":223,"column":6},"end":{"line":223,"column":53}},"108":{"start":{"line":226,"column":4},"end":{"line":228,"column":5}},"109":{"start":{"line":227,"column":6},"end":{"line":227,"column":58}},"110":{"start":{"line":230,"column":4},"end":{"line":230,"column":29}},"111":{"start":{"line":232,"column":22},"end":{"line":240,"column":8}},"112":{"start":{"line":242,"column":34},"end":{"line":242,"column":88}},"113":{"start":{"line":243,"column":4},"end":{"line":260,"column":5}},"114":{"start":{"line":244,"column":28},"end":{"line":244,"column":66}},"115":{"start":{"line":245,"column":31},"end":{"line":245,"column":103}},"116":{"start":{"line":247,"column":6},"end":{"line":259,"column":7}},"117":{"start":{"line":249,"column":10},"end":{"line":253,"column":20}},"118":{"start":{"line":255,"column":8},"end":{"line":258,"column":9}},"119":{"start":{"line":256,"column":34},"end":{"line":256,"column":105}},"120":{"start":{"line":257,"column":10},"end":{"line":257,"column":122}},"121":{"start":{"line":262,"column":4},"end":{"line":262,"column":98}},"122":{"start":{"line":264,"column":4},"end":{"line":264,"column":53}},"123":{"start":{"line":268,"column":0},"end":{"line":284,"column":2}},"124":{"start":{"line":269,"column":2},"end":{"line":283,"column":3}},"125":{"start":{"line":270,"column":24},"end":{"line":270,"column":68}},"126":{"start":{"line":271,"column":4},"end":{"line":273,"column":5}},"127":{"start":{"line":272,"column":6},"end":{"line":272,"column":72}},"128":{"start":{"line":275,"column":4},"end":{"line":277,"column":5}},"129":{"start":{"line":276,"column":6},"end":{"line":276,"column":92}},"130":{"start":{"line":279,"column":4},"end":{"line":279,"column":60}},"131":{"start":{"line":280,"column":4},"end":{"line":280,"column":85}},"132":{"start":{"line":282,"column":4},"end":{"line":282,"column":53}},"133":{"start":{"line":286,"column":0},"end":{"line":293,"column":2}},"134":{"start":{"line":287,"column":2},"end":{"line":292,"column":3}},"135":{"start":{"line":288,"column":17},"end":{"line":288,"column":89}},"136":{"start":{"line":289,"column":4},"end":{"line":289,"column":19}},"137":{"start":{"line":291,"column":4},"end":{"line":291,"column":53}}},"fnMap":{"0":{"name":"(anonymous_0)","decl":{"start":{"line":7,"column":20},"end":{"line":7,"column":21}},"loc":{"start":{"line":7,"column":40},"end":{"line":26,"column":1}},"line":7},"1":{"name":"(anonymous_1)","decl":{"start":{"line":28,"column":18},"end":{"line":28,"column":19}},"loc":{"start":{"line":28,"column":38},"end":{"line":37,"column":1}},"line":28},"2":{"name":"(anonymous_2)","decl":{"start":{"line":39,"column":21},"end":{"line":39,"column":22}},"loc":{"start":{"line":39,"column":41},"end":{"line":47,"column":1}},"line":39},"3":{"name":"(anonymous_3)","decl":{"start":{"line":49,"column":20},"end":{"line":49,"column":21}},"loc":{"start":{"line":49,"column":40},"end":{"line":71,"column":1}},"line":49},"4":{"name":"(anonymous_4)","decl":{"start":{"line":73,"column":20},"end":{"line":73,"column":21}},"loc":{"start":{"line":73,"column":40},"end":{"line":87,"column":1}},"line":73},"5":{"name":"(anonymous_5)","decl":{"start":{"line":89,"column":21},"end":{"line":89,"column":22}},"loc":{"start":{"line":89,"column":41},"end":{"line":113,"column":1}},"line":89},"6":{"name":"(anonymous_6)","decl":{"start":{"line":115,"column":32},"end":{"line":115,"column":33}},"loc":{"start":{"line":115,"column":52},"end":{"line":155,"column":1}},"line":115},"7":{"name":"(anonymous_7)","decl":{"start":{"line":157,"column":28},"end":{"line":157,"column":29}},"loc":{"start":{"line":157,"column":48},"end":{"line":209,"column":1}},"line":157},"8":{"name":"(anonymous_8)","decl":{"start":{"line":171,"column":23},"end":{"line":171,"column":24}},"loc":{"start":{"line":171,"column":46},"end":{"line":202,"column":7}},"line":171},"9":{"name":"(anonymous_9)","decl":{"start":{"line":211,"column":30},"end":{"line":211,"column":31}},"loc":{"start":{"line":211,"column":50},"end":{"line":266,"column":1}},"line":211},"10":{"name":"(anonymous_10)","decl":{"start":{"line":268,"column":30},"end":{"line":268,"column":31}},"loc":{"start":{"line":268,"column":50},"end":{"line":284,"column":1}},"line":268},"11":{"name":"(anonymous_11)","decl":{"start":{"line":286,"column":26},"end":{"line":286,"column":27}},"loc":{"start":{"line":286,"column":46},"end":{"line":293,"column":1}},"line":286}},"branchMap":{"0":{"loc":{"start":{"line":10,"column":4},"end":{"line":12,"column":5}},"type":"if","locations":[{"start":{"line":10,"column":4},"end":{"line":12,"column":5}},{"start":{},"end":{}}],"line":10},"1":{"loc":{"start":{"line":10,"column":8},"end":{"line":10,"column":43}},"type":"binary-expr","locations":[{"start":{"line":10,"column":8},"end":{"line":10,"column":14}},{"start":{"line":10,"column":18},"end":{"line":10,"column":30}},{"start":{"line":10,"column":34},"end":{"line":10,"column":43}}],"line":10},"2":{"loc":{"start":{"line":42,"column":4},"end":{"line":42,"column":72}},"type":"if","locations":[{"start":{"line":42,"column":4},"end":{"line":42,"column":72}},{"start":{},"end":{}}],"line":42},"3":{"loc":
[...]
,"C:\\Users\\User\\Desktop\\PowerWacth-main\\server\\middleware\\auth.js": {"path":"C:\\Users\\User\\Desktop\\PowerWacth-main\\server\\middleware\\auth.js","statementMap":{"0":{"start":{"line":1,"column":12},"end":{"line":1,"column":35}},"1":{"start":{"line":2,"column":13},"end":{"line":2,"column":38}},"2":{"start":{"line":4,"column":0},"end":{"line":29,"column":2}},"3":{"start":{"line":5,"column":16},"end":{"line":5,"column":56}},"4":{"start":{"line":7,"column":2},"end":{"line":9,"column":3}},"5":{"start":{"line":8,"column":4},"end":{"line":8,"column":66}},"6":{"start":{"line":11,"column":2},"end":{"line":28,"column":3}},"7":{"start":{"line":12,"column":20},"end":{"line":12,"column":61}},"8":{"start":{"line":13,"column":17},"end":{"line":13,"column":72}},"9":{"start":{"line":15,"column":4},"end":{"line":17,"column":5}},"10":{"start":{"line":16,"column":6},"end":{"line":16,"column":65}},"11":{"start":{"line":19,"column":4},"end":{"line":21,"column":5}},"12":{"start":{"line":20,"column":6},"end":{"line":20,"column":78}},"13":{"start":{"line":23,"column":4},"end":{"line":23,"column":29}},"14":{"start":{"line":24,"column":4},"end":{"line":24,"column":23}},"15":{"start":{"line":25,"column":4},"end":{"line":25,"column":11}},"16":{"start":{"line":27,"column":4},"end":{"line":27,"column":62}},"17":{"start":{"line":31,"column":0},"end":{"line":37,"column":2}},"18":{"start":{"line":33,"column":2},"end":{"line":35,"column":3}},"19":{"start":{"line":34,"column":4},"end":{"line":34,"column":62}},"20":{"start":{"line":36,"column":2},"end":{"line":36,"column":9}},"21":{"start":{"line":39,"column":0},"end":{"line":45,"column":2}},"22":{"start":{"line":41,"column":2},"end":{"line":43,"column":3}},"23":{"start":{"line":42,"column":4},"end":{"line":42,"column":87}},"24":{"start":{"line":44,"column":2},"end":{"line":44,"column":9}},"25":{"start":{"line":47,"column":0},"end":{"line":53,"column":2}},"26":{"start":{"line":49,"column":2},"end":{"line":51,"column":3}},"27":{"start":{"line":50,"column":4},"end":{"line":50,"column":87}},"28":{"start":{"line":52,"column":2},"end":{"line":52,"column":9}},"29":{"start":{"line":55,"column":0},"end":{"line":61,"column":2}},"30":{"start":{"line":57,"column":2},"end":{"line":59,"column":3}},"31":{"start":{"line":58,"column":4},"end":{"line":58,"column":100}},"32":{"start":{"line":60,"column":2},"end":{"line":60,"column":9}},"33":{"start":{"line":63,"column":0},"end":{"line":68,"column":2}},"34":{"start":{"line":64,"column":2},"end":{"line":66,"column":3}},"35":{"start":{"line":65,"column":4},"end":{"line":65,"column":84}},"36":{"start":{"line":67,"column":2},"end":{"line":67,"column":9}},"37":{"start":{"line":70,"column":0},"end":{"line":77,"column":2}},"38":{"start":{"line":71,"column":2},"end":{"line":76,"column":4}},"39":{"start":{"line":72,"column":4},"end":{"line":74,"column":5}},"40":{"start":{"line":73,"column":6},"end":{"line":73,"column":64}},"41":{"start":{"line":75,"column":4},"end":{"line":75,"column":11}}},"fnMap":{"0":{"name":"(anonymous_0)","decl":{"start":{"line":4,"column":22},"end":{"line":4,"column":23}},"loc":{"start":{"line":4,"column":48},"end":{"line":29,"column":1}},"line":4},"1":{"name":"(anonymous_1)","decl":{"start":{"line":31,"column":21},"end":{"line":31,"column":22}},"loc":{"start":{"line":31,"column":41},"end":{"line":37,"column":1}},"line":31},"2":{"name":"(anonymous_2)","decl":{"start":{"line":39,"column":21},"end":{"line":39,"column":22}},"loc":{"start":{"line":39,"column":41},"end":{"line":45,"column":1}},"line":39},"3":{"name":"(anonymous_3)","decl":{"start":{"line":47,"column":21},"end":{"line":47,"column":22}},"loc":{"start":{"line":47,"column":41},"end":{"line":53,"column":1}},"line":47},"4":{"name":"(anonymous_4)","decl":{"start":{"line":55,"column":31},"end":{"line":55,"column":32}},"loc":{"start":{"line":55,"column":51},"end":{"line":61,"column":1}},"line":55},"5":{"name":"(anonymous_5)","decl":{"start":{"line":63,"column":18},"end":{"line":63,"column":19}},"loc":{"start":{"line":63,"column":38},"end":{"line":68,"column":1}},"line":63},"6":{"name":"(anonymous_6)","decl":{"start":{"line":70,"column":25},"end":{"line":70,"column":26}},"loc":{"start":{"line":70,"column":39},"end":{"line":77,"column":1}},"line":70},"7":{"name":"(anonymous_7)","decl":{"start":{"line":71,"column":9},"end":{"line":71,"column":10}},"loc":{"start":{"line":71,"column":29},"end":{"line":76,"column":3}},"line":71}},"branchMap":{"0":{"loc":{"start":{"line":7,"column":2},"end":{"line":9,"column":3}},"type":"if","locations":[{"start":{"line":7,"column":2},"end":{"line":9,"column":3}},{"start":{},"end":{}}],"line":7},"1":{"loc":{"start":{"line":15,"column":4},"end":{"line":17,"column":5}},"type":"if","locations":[{"start":{"line":15,"column":4},"end":{"line":17,"column":5}},{"start":{},"end":{}}],"line":15},"2":{"loc":{"start":{"line":19,"column":4},"end":{"line":21,"column":5}},"type":"if","locations":[{"start":{"line":19,"column":4},"end":{"line":21,"column":5}},{"start":{},"end":{}}],"line":19},"3":{"loc":{"start":{"line":33,"column":2},"end":{"line":35,"column":3}},"type":"if","locations":[{"start":{"line":33,"column":2},"end":{"line":35,"column":3}},{"start":{},"end":{}}],"line":33},"4":{"loc":{"start":{"line":41,"column":2},"end":{"line":43,"column":3}},"type":"if","locations":[{"start":{"line":41,"column":2},"end":{"line":43,"column":3}},{"start":{},"end":{}}],"line":41},"5":{"loc":{"start":{"line":49,"column":2},"end":{"line":51,"column":3}},"type":"if","locations":[{"start":{"line":49,"column":2},"end":{"line":51,"column":3}},{"start":{},"end":{}}],"line":49},"6":{"loc":{"start":{"line":57,"column":2},"end":{"line":59,"column":3}},"type":"if","locations":[{"start":{"line":57,"column":2},"end":{"line":59,"column":3}},{"start":{},"end":{}}],"line":57},"7":{"loc":{"start":{"line":64,"column":2},"end":{"line":66,"column":3}},"type":"if","locations":[{"start":{"line":64,"column":2},"end":{"line":66,"column":3}},{"start":{},"end":{}}],"line":64},"8":{"loc":{"start":{"line":72,"column":4},"end":{"line":74,"column":5}},"type":"if","locations":[{"start":{"line":72,"column":4},"end":{"line":74,"column":5}},{"start":{},"end":{}}],"line":72}},"s":{"0":0,"1":0,"2":0,"3":0,"4":0,"5":0,"6":0,"7":0,"8":0,"9":0,"10":0,"11":0,"12":0,"13":0,"14":0,"15":0,"16":0,"17":0,"18":0,"19":0,"20":0,"21":0,"22":0,"23":0,"24":0,"25":0,"26":0,"27":0,"28":0,"29":0,"30":0,"31":0,"32":0,"33":0,"34":0,"35":0,"36":0,"37":0,"38":0,"39":0,"40":0,"41":0},"f":{"0":0,"1":0,"2":0,"3":0,"4":0,"5":0,"6":0,"7":0},"b":{"0":[0,0],"1":[0,0],"2":[0,0],"3":[0,0],"4":[0,0],"5":[0,0],"6":[0,0],"7":[0,0],"8":[0,0]}}
,"C:\\Users\\User\\Desktop\\PowerWacth-main\\server\\models\\Conversation.js": {"path":"C:\\Users\\User\\Desktop\\PowerWacth-main\\server\\models\\Conversation.js","statementMap":{"0":{"start":{"line":1,"column":17},"end":{"line":1,"column":36}},"1":{"start":{"line":3,"column":19},"end":{"line":3,"column":27}},"2":{"start":{"line":5,"column":27},"end":{"line":10,"column":2}},"3":{"start":{"line":12,"column":0},"end":{"line":12,"column":68}}},"fnMap":{},"branchMap":{},"s":{"0":0,"1":0,"2":0,"3":0},"f":{},"b":{}}
,"C:\\Users\\User\\Desktop\\PowerWacth-main\\server\\models\\InviteCode.js": {"path":"C:\\Users\\User\\Desktop\\PowerWacth-main\\server\\models\\InviteCode.js","statementMap":{"0":{"start":{"line":1,"column":17},"end":{"line":1,"column":36}},"1":{"start":{"line":3,"column":25},"end":{"line":10,"column":2}},"2":{"start":{"line":12,"column":0},"end":{"line":12,"column":64}}},"fnMap":{},"branchMap":{},"s":{"0":0,"1":0,"2":0},"f":{},"b":{}}
,"C:\\Users\\User\\Desktop\\PowerWacth-main\\server\\models\\JobApplication.js": {"path":"C:\\Users\\User\\Desktop\\PowerWacth-main\\server\\models\\JobApplication.js","statementMap":{"0":{"start":{"line":1,"column":17},"end":{"line":1,"column":36}},"1":{"start":{"line":3,"column":29},"end":{"line":27,"column":2}},"2":{"start":{"line":29,"column":0},"end":{"line":29,"column":72}}},"fnMap":{},"branchMap":{},"s":{"0":0,"1":0,"2":0},"f":{},"b":{}}
,"C:\\Users\\User\\Desktop\\PowerWacth-main\\server\\models\\JobVacancy.js": {"path":"C:\\Users\\User\\Desktop\\PowerWacth-main\\server\\models\\JobVacancy.js","statementMap":{"0":{"start":{"line":1,"column":17},"end":{"line":1,"column":36}},"1":{"start":{"line":3,"column":25},"end":{"line":20,"column":2}},"2":{"start":{"line":22,"column":0},"end":{"line":22,"column":64}}},"fnMap":{},"branchMap":{},"s":{"0":0,"1":0,"2":0},"f":{},"b":{}}
,"C:\\Users\\User\\Desktop\\PowerWacth-main\\server\\models\\Message.js": {"path":"C:\\Users\\User\\Desktop\\PowerWacth-main\\server\\models\\Message.js","statementMap":{"0":{"start":{"line":1,"column":17},"end":{"line":1,"column":36}},"1":{"start":{"line":3,"column":19},"end":{"line":3,"column":27}},"2":{"start":{"line":5,"column":22},"end":{"line":11,"column":2}},"3":{"start":{"line":13,"column":0},"end":{"line":13,"column":58}}},"fnMap":{},"branchMap":{},"s":{"0":0,"1":0,"2":0,"3":0},"f":{},"b":{}}
,"C:\\Users\\User\\Desktop\\PowerWacth-main\\server\\models\\User.js": {"path":"C:\\Users\\User\\Desktop\\PowerWacth-main\\server\\models\\User.js","statementMap":{"0":{"start":{"line":1,"column":17},"end":{"line":1,"column":36}},"1":{"start":{"line":3,"column":19},"end":{"line":72,"column":2}},"2":{"start":{"line":74,"column":0},"end":{"line":74,"column":52}}},"fnMap":{},"branchMap":{},"s":{"0":0,"1":0,"2":0},"f":{},"b":{}}
,"C:\\Users\\User\\Desktop\\PowerWacth-main\\server\\routes\\adminRoutes.js": {"path":"C:\\Users\\User\\Desktop\\PowerWacth-main\\server\\routes\\adminRoutes.js","statementMap":{"0":{"start":{"line":1,"column":15},"end":{"line":1,"column":42}},"1":{"start":{"line":10,"column":4},"end":{"line":10,"column":45}},"2":{"start":{"line":11,"column":49},"end":{"line":11,"column":78}},"3":{"start":{"line":13,"column":0},"end":{"line":13,"column":78}},"4":{"start":{"line":14,"column":0},"end":{"line":14,"column":68}},"5":{"start":{"line":15,"column":0},"end":{"line":15,"column":80}},"6":{"start":{"line":16,"column":0},"end":{"line":16,"column":86}},"7":{"start":{"line":17,"column":0},"end":{"line":17,"column":86}},"8":{"start":{"line":18,"column":0},"end":{"line":18,"column":100}},"9":{"start":{"line":19,"column":0},"end":{"line":19,"column":74}},"10":{"start":{"line":21,"column":0},"end":{"line":21,"column":24}}},"fnMap":{},"branchMap":{},"s":{"0":0,"1":0,"2":0,"3":0,"4":0,"5":0,"6":0,"7":0,"8":0,"9":0,"10":0},"f":{},"b":{}}
,"C:\\Users\\User\\Desktop\\PowerWacth-main\\server\\routes\\authRoutes.js": {"path":"C:\\Users\\User\\Desktop\\PowerWacth-main\\server\\routes\\authRoutes.js","statementMap":{"0":{"start":{"line":1,"column":15},"end":{"line":1,"column":42}},"1":{"start":{"line":2,"column":15},"end":{"line":2,"column":32}},"2":{"start":{"line":3,"column":13},"end":{"line":3,"column":28}},"3":{"start":{"line":14,"column":4},"end":{"line":14,"column":44}},"4":{"start":{"line":15,"column":42},"end":{"line":15,"column":71}},"5":{"start":{"line":17,"column":16},"end":{"line":24,"column":2}},"6":{"start":{"line":19,"column":4},"end":{"line":19,"column":49}},"7":{"start":{"line":22,"column":4},"end":{"line":22,"column":51}},"8":{"start":{"line":26,"column":15},"end":{"line":33,"column":2}},"9":{"start":{"line":30,"column":25},"end":{"line":30,"column":52}},"10":{"start":{"line":31,"column":4},"end":{"line":31,"column":47}},"11":{"start":{"line":35,"column":22},"end":{"line":35,"column":74}},"12":{"start":{"line":37,"column":0},"end":{"line":37,"column":35}},"13":{"start":{"line":38,"column":0},"end":{"line":38,"column":29}},"14":{"start":{"line":39,"column":0},"end":{"line":39,"column":34}},"15":{"start":{"line":40,"column":0},"end":{"line":40,"column":44}},"16":{"start":{"line":41,"column":0},"end":{"line":51,"column":2}},"17":{"start":{"line":52,"column":0},"end":{"line":52,"column":50}},"18":{"start":{"line":53,"column":0},"end":{"line":61,"column":2}},"19":{"start":{"line":63,"column":0},"end":{"line":63,"column":52}},"20":{"start":{"line":64,"column":0},"end":{"line":64,"column":61}},"21":{"start":{"line":65,"column":0},"end":{"line":65,"column":70}},"22":{"start":{"line":67,"column":0},"end":{"line":67,"column":24}}},"fnMap":{"0":{"name":"(anonymous_0)","decl":{"start":{"line":18,"column":15},"end":{"line":18,"column":16}},"loc":{"start":{"line":18,"column":34},"end":{"line":20,"column":3}},"line":18},"1":{"name":"(anonymous_1)","decl":{"start":{"line":21,"column":12},"end":{"line":21,"column":13}},"loc":{"start":{"line":21,"column":31},"end":{"line":23,"column":3}},"line":21},"2":{"name":"(anonymous_2)","decl":{"start":{"line":29,"column":14},"end":{"line":29,"column":15}},"loc":{"start":{"line":29,"column":33},"end":{"line":32,"column":3}},"line":29}},"branchMap":{},"s":{"0":0,"1":0,"2":0,"3":0,"4":0,"5":0,"6":0,"7":0,"8":0,"9":0,"10":0,"11":0,"12":0,"13":0,"14":0,"15":0,"16":0,"17":0,"18":0,"19":0,"20":0,"21":0,"22":0},"f":{"0":0,"1":0,"2":0},"b":{}}
,"C:\\Users\\User\\Desktop\\PowerWacth-main\\server\\routes\\employerRoutes.js": {"path":"C:\\Users\\User\\Desktop\\PowerWacth-main\\server\\routes\\employerRoutes.js","statementMap":{"0":{"start":{"line":1,"column":15},"end":{"line":1,"column":42}},"1":{"start":{"line":11,"column":4},"end":{"line":11,"column":48}},"2":{"start":{"line":12,"column":49},"end":{"line":12,"column":78}},"3":{"start":{"line":14,"column":0},"end":{"line":14,"column":74}},"4":{"start":{"line":15,"column":0},"end":{"line":15,"column":69}},"5":{"start":{"line":16,"column":0},"end":{"line":16,"column":72}},"6":{"start":{"line":17,"column":0},"end":{"line":17,"column":75}},"7":{"start":{"line":18,"column":0},"end":{"line":18,"column":96}},"8":{"start":{"line":19,"column":0},"end":{"line":19,"column":112}},"9":{"start":{"line":20,"column":0},"end":{"line":20,"column":76}},"10":{"start":{"line":21,"column":0},"end":{"line":21,"column":91}},"11":{"start":{"line":23,"column":0},"end":{"line":23,"column":24}}},"fnMap":{},"branchMap":{},"s":{"0":0,"1":0,"2":0,"3":0,"4":0,"5":0,"6":0,"7":0,"8":0,"9":0,"10":0,"11":0},"f":{},"b":{}}
,"C:\\Users\\User\\Desktop\\PowerWacth-main\\server\\routes\\jobRoutes.js": {"path":"C:\\Users\\User\\Desktop\\PowerWacth-main\\server\\routes\\jobRoutes.js","statementMap":{"0":{"start":{"line":1,"column":16},"end":{"line":1,"column":34}},"1":{"start":{"line":2,"column":15},"end":{"line":2,"column":31}},"2":{"start":{"line":3,"column":15},"end":{"line":3,"column":32}},"3":{"start":{"line":4,"column":13},"end":{"line":4,"column":28}},"4":{"start":{"line":17,"column":4},"end":{"line":17,"column":43}},"5":{"start":{"line":18,"column":57},"end":{"line":18,"column":86}},"6":{"start":{"line":20,"column":16},"end":{"line":27,"column":2}},"7":{"start":{"line":22,"column":4},"end":{"line":22,"column":49}},"8":{"start":{"line":25,"column":4},"end":{"line":25,"column":51}},"9":{"start":{"line":29,"column":15},"end":{"line":41,"column":2}},"10":{"start":{"line":33,"column":25},"end":{"line":33,"column":52}},"11":{"start":{"line":34,"column":24},"end":{"line":34,"column":56}},"12":{"start":{"line":35,"column":4},"end":{"line":39,"column":5}},"13":{"start":{"line":36,"column":6},"end":{"line":36,"column":21}},"14":{"start":{"line":38,"column":6},"end":{"line":38,"column":41}},"15":{"start":{"line":43,"column":0},"end":{"line":43,"column":38}},"16":{"start":{"line":44,"column":0},"end":{"line":44,"column":62}},"17":{"start":{"line":45,"column":0},"end":{"line":45,"column":75}},"18":{"start":{"line":46,"column":0},"end":{"line":46,"column":103}},"19":{"start":{"line":47,"column":0},"end":{"line":47,"column":81}},"20":{"start":{"line":48,"column":0},"end":{"line":48,"column":53}},"21":{"start":{"line":49,"column":0},"end":{"line":49,"column":88}},"22":{"start":{"line":50,"column":0},"end":{"line":50,"column":68}},"23":{"start":{"line":51,"column":0},"end":{"line":51,"column":44}},"24":{"start":{"line":52,"column":0},"end":{"line":52,"column":55}},"25":{"start":{"line":53,"column":0},"end":{"line":53,"column":58}},"26":{"start":{"line":55,"column":0},"end":{"line":55,"column":24}}},"fnMap":{"0":{"name":"(anonymous_0)","decl":{"start":{"line":21,"column":15},"end":{"line":21,"column":16}},"loc":{"start":{"line":21,"column":34},"end":{"line":23,"column":3}},"line":21},"1":{"name":"(anonymous_1)","decl":{"start":{"line":24,"column":12},"end":{"line":24,"column":13}},"loc":{"start":{"line":24,"column":31},"end":{"line":26,"column":3}},"line":24},"2":{"name":"(anonymous_2)","decl":{"start":{"line":32,"column":14},"end":{"line":32,"column":15}},"loc":{"start":{"line":32,"column":33},"end":{"line":40,"column":3}},"line":32}},"branchMap":{"0":{"loc":{"start":{"line":35,"column":4},"end":{"line":39,"column":5}},"type":"if","locations":[{"start":{"line":35,"column":4},"end":{"line":39,"column":5}},{"start":{"line":37,"column":11},"end":{"line":39,"column":5}}],"line":35}},"s":{"0":0,"1":0,"2":0,"3":0,"4":0,"5":0,"6":0,"7":0,"8":0,"9":0,"10":0,"11":0,"12":0,"13":0,"14":0,"15":0,"16":0,"17":0,"18":0,"19":0,"20":0,"21":0,"22":0,"23":0,"24":0,"25":0,"26":0},"f":{"0":0,"1":0,"2":0},"b":{"0":[0,0]}}
,"C:\\Users\\User\\Desktop\\PowerWacth-main\\server\\routes\\messageRoutes.js": {"path":"C:\\Users\\User\\Desktop\\PowerWacth-main\\server\\routes\\messageRoutes.js","statementMap":{"0":{"start":{"line":1,"column":15},"end":{"line":1,"column":42}},"1":{"start":{"line":10,"column":4},"end":{"line":10,"column":47}},"2":{"start":{"line":11,"column":33},"end":{"line":11,"column":62}},"3":{"start":{"line":13,"column":0},"end":{"line":13,"column":50}},"4":{"start":{"line":14,"column":0},"end":{"line":14,"column":59}},"5":{"start":{"line":15,"column":0},"end":{"line":15,"column":56}},"6":{"start":{"line":16,"column":0},"end":{"line":16,"column":76}},"7":{"start":{"line":17,"column":0},"end":{"line":17,"column":77}},"8":{"start":{"line":18,"column":0},"end":{"line":18,"column":77}},"9":{"start":{"line":19,"column":0},"end":{"line":19,"column":53}},"10":{"start":{"line":21,"column":0},"end":{"line":21,"column":24}}},"fnMap":{},"branchMap":{},"s":{"0":0,"1":0,"2":0,"3":0,"4":0,"5":0,"6":0,"7":0,"8":0,"9":0,"10":0},"f":{},"b":{}}
,"C:\\Users\\User\\Desktop\\PowerWacth-main\\server\\routes\\userRoutes.js": {"path":"C:\\Users\\User\\Desktop\\PowerWacth-main\\server\\routes\\userRoutes.js","statementMap":{"0":{"start":{"line":1,"column":15},"end":{"line":1,"column":42}},"1":{"start":{"line":2,"column":33},"end":{"line":2,"column":62}},"2":{"start":{"line":3,"column":31},"end":{"line":3,"column":71}},"3":{"start":{"line":5,"column":0},"end":{"line":5,"column":55}},"4":{"start":{"line":7,"column":0},"end":{"line":7,"column":24}}},"fnMap":{},"branchMap":{},"s":{"0":0,"1":0,"2":0,"3":0,"4":0},"f":{},"b":{}}
}
