TN:
SF:controllers\adminController.js
FN:7,(anonymous_0)
FN:7,(anonymous_1)
FN:9,(anonymous_2)
FN:18,(anonymous_3)
FN:53,(anonymous_4)
FN:60,(anonymous_5)
FN:73,(anonymous_6)
FN:99,(anonymous_7)
FN:139,(anonymous_8)
FN:169,(anonymous_9)
FN:191,(anonymous_10)
FN:208,(anonymous_11)
FN:235,(anonymous_12)
FN:249,(anonymous_13)
FN:252,(anonymous_14)
FNF:15
FNH:0
FNDA:0,(anonymous_0)
FNDA:0,(anonymous_1)
FNDA:0,(anonymous_2)
FNDA:0,(anonymous_3)
FNDA:0,(anonymous_4)
FNDA:0,(anonymous_5)
FNDA:0,(anonymous_6)
FNDA:0,(anonymous_7)
FNDA:0,(anonymous_8)
FNDA:0,(anonymous_9)
FNDA:0,(anonymous_10)
FNDA:0,(anonymous_11)
FNDA:0,(anonymous_12)
FNDA:0,(anonymous_13)
FNDA:0,(anonymous_14)
DA:1,0
DA:2,0
DA:3,0
DA:4,0
DA:5,0
DA:7,0
DA:9,0
DA:10,0
DA:11,0
DA:12,0
DA:13,0
DA:15,0
DA:18,0
DA:19,0
DA:20,0
DA:21,0
DA:22,0
DA:37,0
DA:52,0
DA:53,0
DA:54,0
DA:55,0
DA:56,0
DA:59,0
DA:60,0
DA:61,0
DA:62,0
DA:65,0
DA:73,0
DA:74,0
DA:75,0
DA:76,0
DA:80,0
DA:95,0
DA:99,0
DA:100,0
DA:101,0
DA:102,0
DA:103,0
DA:104,0
DA:106,0
DA:108,0
DA:109,0
DA:112,0
DA:113,0
DA:119,0
DA:128,0
DA:135,0
DA:139,0
DA:140,0
DA:141,0
DA:142,0
DA:144,0
DA:145,0
DA:148,0
DA:149,0
DA:150,0
DA:153,0
DA:154,0
DA:157,0
DA:158,0
DA:160,0
DA:165,0
DA:169,0
DA:170,0
DA:171,0
DA:173,0
DA:174,0
DA:177,0
DA:178,0
DA:179,0
DA:182,0
DA:183,0
DA:185,0
DA:187,0
DA:191,0
DA:192,0
DA:193,0
DA:194,0
DA:195,0
DA:196,0
DA:199,0
DA:200,0
DA:202,0
DA:204,0
DA:208,0
DA:209,0
DA:210,0
DA:211,0
DA:213,0
DA:214,0
DA:217,0
DA:218,0
DA:219,0
DA:222,0
DA:223,0
DA:226,0
DA:227,0
DA:229,0
DA:231,0
DA:235,0
DA:236,0
DA:237,0
DA:239,0
DA:240,0
DA:243,0
DA:244,0
DA:245,0
DA:248,0
DA:249,0
DA:251,0
DA:252,0
DA:254,0
DA:268,0
DA:270,0
LF:115
LH:0
BRDA:9,0,0,0
BRDA:10,1,0,0
BRDA:10,1,1,0
BRDA:11,2,0,0
BRDA:11,2,1,0
BRDA:12,3,0,0
BRDA:12,3,1,0
BRDA:54,4,0,0
BRDA:54,4,1,0
BRDA:55,5,0,0
BRDA:55,5,1,0
BRDA:61,6,0,0
BRDA:61,6,1,0
BRDA:75,7,0,0
BRDA:75,7,1,0
BRDA:95,8,0,0
BRDA:95,8,1,0
BRDA:101,9,0,0
BRDA:101,9,1,0
BRDA:102,10,0,0
BRDA:102,10,1,0
BRDA:103,11,0,0
BRDA:103,11,1,0
BRDA:104,12,0,0
BRDA:104,12,1,0
BRDA:108,13,0,0
BRDA:108,13,1,0
BRDA:112,14,0,0
BRDA:112,14,1,0
BRDA:135,15,0,0
BRDA:135,15,1,0
BRDA:144,16,0,0
BRDA:144,16,1,0
BRDA:149,17,0,0
BRDA:149,17,1,0
BRDA:153,18,0,0
BRDA:153,18,1,0
BRDA:165,19,0,0
BRDA:165,19,1,0
BRDA:173,20,0,0
BRDA:173,20,1,0
BRDA:178,21,0,0
BRDA:178,21,1,0
BRDA:187,22,0,0
BRDA:187,22,1,0
BRDA:195,23,0,0
BRDA:195,23,1,0
BRDA:204,24,0,0
BRDA:204,24,1,0
BRDA:213,25,0,0
BRDA:213,25,1,0
BRDA:218,26,0,0
BRDA:218,26,1,0
BRDA:222,27,0,0
BRDA:222,27,1,0
BRDA:231,28,0,0
BRDA:231,28,1,0
BRDA:239,29,0,0
BRDA:239,29,1,0
BRDA:244,30,0,0
BRDA:244,30,1,0
BRDA:256,31,0,0
BRDA:256,31,1,0
BRDA:258,32,0,0
BRDA:258,32,1,0
BRDA:259,33,0,0
BRDA:259,33,1,0
BRDA:270,34,0,0
BRDA:270,34,1,0
BRF:69
BRH:0
end_of_record
TN:
SF:controllers\authController.js
FN:9,(anonymous_0)
FN:16,(anonymous_1)
FN:55,(anonymous_2)
FN:93,(anonymous_3)
FN:103,(anonymous_4)
FN:116,(anonymous_5)
FN:155,(anonymous_6)
FN:234,(anonymous_7)
FN:247,(anonymous_8)
FN:260,(anonymous_9)
FN:261,(anonymous_10)
FN:270,(anonymous_11)
FN:290,(anonymous_12)
FN:319,(anonymous_13)
FN:334,(anonymous_14)
FNF:15
FNH:0
FNDA:0,(anonymous_0)
FNDA:0,(anonymous_1)
FNDA:0,(anonymous_2)
FNDA:0,(anonymous_3)
FNDA:0,(anonymous_4)
FNDA:0,(anonymous_5)
FNDA:0,(anonymous_6)
FNDA:0,(anonymous_7)
FNDA:0,(anonymous_8)
FNDA:0,(anonymous_9)
FNDA:0,(anonymous_10)
FNDA:0,(anonymous_11)
FNDA:0,(anonymous_12)
FNDA:0,(anonymous_13)
FNDA:0,(anonymous_14)
DA:1,0
DA:2,0
DA:3,0
DA:4,0
DA:5,0
DA:6,0
DA:7,0
DA:9,0
DA:10,0
DA:11,0
DA:12,0
DA:13,0
DA:16,0
DA:17,0
DA:18,0
DA:19,0
DA:20,0
DA:22,0
DA:23,0
DA:30,0
DA:36,0
DA:51,0
DA:55,0
DA:56,0
DA:57,0
DA:58,0
DA:59,0
DA:61,0
DA:62,0
DA:65,0
DA:66,0
DA:68,0
DA:74,0
DA:89,0
DA:93,0
DA:94,0
DA:95,0
DA:96,0
DA:97,0
DA:99,0
DA:103,0
DA:104,0
DA:105,0
DA:106,0
DA:107,0
DA:108,0
DA:110,0
DA:112,0
DA:116,0
DA:117,0
DA:118,0
DA:119,0
DA:121,0
DA:122,0
DA:125,0
DA:126,0
DA:127,0
DA:128,0
DA:132,0
DA:133,0
DA:134,0
DA:136,0
DA:137,0
DA:140,0
DA:141,0
DA:146,0
DA:147,0
DA:148,0
DA:149,0
DA:150,0
DA:153,0
DA:155,0
DA:160,0
DA:168,0
DA:169,0
DA:170,0
DA:171,0
DA:172,0
DA:173,0
DA:174,0
DA:175,0
DA:176,0
DA:177,0
DA:178,0
DA:179,0
DA:180,0
DA:181,0
DA:182,0
DA:183,0
DA:184,0
DA:185,0
DA:187,0
DA:188,0
DA:189,0
DA:190,0
DA:191,0
DA:192,0
DA:193,0
DA:196,0
DA:197,0
DA:200,0
DA:201,0
DA:204,0
DA:205,0
DA:208,0
DA:209,0
DA:212,0
DA:213,0
DA:216,0
DA:217,0
DA:220,0
DA:225,0
DA:226,0
DA:229,0
DA:230,0
DA:233,0
DA:234,0
DA:237,0
DA:241,0
DA:243,0
DA:247,0
DA:248,0
DA:249,0
DA:250,0
DA:252,0
DA:253,0
DA:256,0
DA:258,0
DA:261,0
DA:262,0
DA:263,0
DA:264,0
DA:265,0
DA:266,0
DA:269,0
DA:270,0
DA:272,0
DA:273,0
DA:275,0
DA:281,0
DA:282,0
DA:284,0
DA:286,0
DA:290,0
DA:291,0
DA:292,0
DA:294,0
DA:295,0
DA:296,0
DA:297,0
DA:300,0
DA:301,0
DA:308,0
DA:309,0
DA:310,0
DA:311,0
DA:313,0
DA:315,0
DA:319,0
DA:320,0
DA:321,0
DA:322,0
DA:328,0
DA:330,0
DA:334,0
DA:335,0
DA:336,0
DA:339,0
DA:340,0
DA:341,0
DA:345,0
DA:346,0
DA:350,0
DA:351,0
DA:354,0
DA:355,0
DA:357,0
LF:177
LH:0
BRDA:10,0,0,0
BRDA:10,0,1,0
BRDA:11,1,0,0
BRDA:11,1,1,0
BRDA:12,2,0,0
BRDA:12,2,1,0
BRDA:20,3,0,0
BRDA:20,3,1,0
BRDA:59,4,0,0
BRDA:59,4,1,0
BRDA:61,5,0,0
BRDA:61,5,1,0
BRDA:66,6,0,0
BRDA:66,6,1,0
BRDA:82,7,0,0
BRDA:82,7,1,0
BRDA:96,8,0,0
BRDA:96,8,1,0
BRDA:105,9,0,0
BRDA:105,9,1,0
BRDA:107,10,0,0
BRDA:107,10,1,0
BRDA:118,11,0,0
BRDA:118,11,1,0
BRDA:121,12,0,0
BRDA:121,12,1,0
BRDA:125,13,0,0
BRDA:125,13,1,0
BRDA:127,14,0,0
BRDA:127,14,1,0
BRDA:132,15,0,0
BRDA:132,15,1,0
BRDA:132,16,0,0
BRDA:132,16,1,0
BRDA:133,17,0,0
BRDA:133,17,1,0
BRDA:136,18,0,0
BRDA:136,18,1,0
BRDA:140,19,0,0
BRDA:140,19,1,0
BRDA:146,20,0,0
BRDA:146,20,1,0
BRDA:149,21,0,0
BRDA:149,21,1,0
BRDA:164,22,0,0
BRDA:164,22,1,0
BRDA:168,23,0,0
BRDA:168,23,1,0
BRDA:178,24,0,0
BRDA:178,24,1,0
BRDA:196,25,0,0
BRDA:196,25,1,0
BRDA:200,26,0,0
BRDA:200,26,1,0
BRDA:204,27,0,0
BRDA:204,27,1,0
BRDA:208,28,0,0
BRDA:208,28,1,0
BRDA:212,29,0,0
BRDA:212,29,1,0
BRDA:216,30,0,0
BRDA:216,30,1,0
BRDA:220,31,0,0
BRDA:220,31,1,0
BRDA:221,32,0,0
BRDA:221,32,1,0
BRDA:221,32,2,0
BRDA:229,33,0,0
BRDA:229,33,1,0
BRDA:229,34,0,0
BRDA:229,34,1,0
BRDA:249,35,0,0
BRDA:249,35,1,0
BRDA:252,36,0,0
BRDA:252,36,1,0
BRDA:264,37,0,0
BRDA:264,37,1,0
BRDA:272,38,0,0
BRDA:272,38,1,0
BRDA:272,39,0,0
BRDA:272,39,1,0
BRDA:296,40,0,0
BRDA:296,40,1,0
BRDA:296,41,0,0
BRDA:296,41,1,0
BRDA:296,41,2,0
BRDA:340,42,0,0
BRDA:340,42,1,0
BRDA:345,43,0,0
BRDA:345,43,1,0
BRF:90
BRH:0
end_of_record
TN:
SF:controllers\employerController.js
FN:6,(anonymous_0)
FN:8,(anonymous_1)
FN:14,(anonymous_2)
FN:29,(anonymous_3)
FN:58,(anonymous_4)
FN:73,(anonymous_5)
FN:95,(anonymous_6)
FN:120,(anonymous_7)
FN:144,(anonymous_8)
FN:218,(anonymous_9)
FN:223,(anonymous_10)
FN:242,(anonymous_11)
FN:257,(anonymous_12)
FN:262,(anonymous_13)
FN:265,(anonymous_14)
FN:266,(anonymous_15)
FNF:16
FNH:0
FNDA:0,(anonymous_0)
FNDA:0,(anonymous_1)
FNDA:0,(anonymous_2)
FNDA:0,(anonymous_3)
FNDA:0,(anonymous_4)
FNDA:0,(anonymous_5)
FNDA:0,(anonymous_6)
FNDA:0,(anonymous_7)
FNDA:0,(anonymous_8)
FNDA:0,(anonymous_9)
FNDA:0,(anonymous_10)
FNDA:0,(anonymous_11)
FNDA:0,(anonymous_12)
FNDA:0,(anonymous_13)
FNDA:0,(anonymous_14)
FNDA:0,(anonymous_15)
DA:1,0
DA:2,0
DA:3,0
DA:4,0
DA:6,0
DA:8,0
DA:9,0
DA:10,0
DA:11,0
DA:13,0
DA:15,0
DA:16,0
DA:23,0
DA:25,0
DA:29,0
DA:30,0
DA:31,0
DA:32,0
DA:34,0
DA:35,0
DA:38,0
DA:52,0
DA:54,0
DA:58,0
DA:59,0
DA:60,0
DA:61,0
DA:63,0
DA:64,0
DA:65,0
DA:68,0
DA:69,0
DA:72,0
DA:73,0
DA:74,0
DA:75,0
DA:79,0
DA:80,0
DA:82,0
DA:83,0
DA:86,0
DA:88,0
DA:89,0
DA:91,0
DA:95,0
DA:96,0
DA:97,0
DA:98,0
DA:100,0
DA:101,0
DA:102,0
DA:105,0
DA:106,0
DA:109,0
DA:110,0
DA:111,0
DA:112,0
DA:114,0
DA:116,0
DA:120,0
DA:121,0
DA:122,0
DA:123,0
DA:125,0
DA:126,0
DA:127,0
DA:130,0
DA:131,0
DA:134,0
DA:138,0
DA:140,0
DA:144,0
DA:145,0
DA:146,0
DA:147,0
DA:148,0
DA:150,0
DA:151,0
DA:152,0
DA:155,0
DA:158,0
DA:159,0
DA:162,0
DA:163,0
DA:166,0
DA:167,0
DA:168,0
DA:170,0
DA:172,0
DA:174,0
DA:175,0
DA:177,0
DA:178,0
DA:179,0
DA:180,0
DA:181,0
DA:183,0
DA:190,0
DA:191,0
DA:192,0
DA:194,0
DA:195,0
DA:196,0
DA:208,0
DA:212,0
DA:214,0
DA:218,0
DA:219,0
DA:220,0
DA:222,0
DA:223,0
DA:225,0
DA:241,0
DA:242,0
DA:244,0
DA:253,0
DA:257,0
DA:258,0
DA:259,0
DA:261,0
DA:262,0
DA:264,0
DA:265,0
DA:266,0
DA:268,0
DA:274,0
LF:126
LH:0
BRDA:6,0,0,0
BRDA:6,0,1,0
BRDA:34,1,0,0
BRDA:34,1,1,0
BRDA:34,2,0,0
BRDA:34,2,1,0
BRDA:34,2,2,0
BRDA:42,3,0,0
BRDA:42,3,1,0
BRDA:43,4,0,0
BRDA:43,4,1,0
BRDA:44,5,0,0
BRDA:44,5,1,0
BRDA:45,6,0,0
BRDA:45,6,1,0
BRDA:64,7,0,0
BRDA:64,7,1,0
BRDA:68,8,0,0
BRDA:68,8,1,0
BRDA:74,9,0,0
BRDA:74,9,1,0
BRDA:79,10,0,0
BRDA:79,10,1,0
BRDA:82,11,0,0
BRDA:82,11,1,0
BRDA:101,12,0,0
BRDA:101,12,1,0
BRDA:105,13,0,0
BRDA:105,13,1,0
BRDA:126,14,0,0
BRDA:126,14,1,0
BRDA:130,15,0,0
BRDA:130,15,1,0
BRDA:151,16,0,0
BRDA:151,16,1,0
BRDA:158,17,0,0
BRDA:158,17,1,0
BRDA:162,18,0,0
BRDA:162,18,1,0
BRDA:162,19,0,0
BRDA:162,19,1,0
BRDA:167,20,0,0
BRDA:167,20,1,0
BRDA:174,21,0,0
BRDA:174,21,1,0
BRDA:178,22,0,0
BRDA:178,22,1,0
BRDA:179,23,0,0
BRDA:179,23,1,0
BRDA:180,24,0,0
BRDA:180,24,1,0
BRDA:195,25,0,0
BRDA:195,25,1,0
BRF:53
BRH:0
end_of_record
TN:
SF:controllers\jobController.js
FN:7,(anonymous_0)
FN:28,(anonymous_1)
FN:39,(anonymous_2)
FN:49,(anonymous_3)
FN:73,(anonymous_4)
FN:89,(anonymous_5)
FN:115,(anonymous_6)
FN:157,(anonymous_7)
FN:171,(anonymous_8)
FN:211,(anonymous_9)
FN:268,(anonymous_10)
FN:286,(anonymous_11)
FNF:12
FNH:0
FNDA:0,(anonymous_0)
FNDA:0,(anonymous_1)
FNDA:0,(anonymous_2)
FNDA:0,(anonymous_3)
FNDA:0,(anonymous_4)
FNDA:0,(anonymous_5)
FNDA:0,(anonymous_6)
FNDA:0,(anonymous_7)
FNDA:0,(anonymous_8)
FNDA:0,(anonymous_9)
FNDA:0,(anonymous_10)
FNDA:0,(anonymous_11)
DA:1,0
DA:2,0
DA:3,0
DA:4,0
DA:5,0
DA:7,0
DA:8,0
DA:9,0
DA:10,0
DA:11,0
DA:14,0
DA:22,0
DA:24,0
DA:28,0
DA:29,0
DA:30,0
DA:33,0
DA:35,0
DA:39,0
DA:40,0
DA:41,0
DA:42,0
DA:43,0
DA:45,0
DA:49,0
DA:50,0
DA:51,0
DA:52,0
DA:54,0
DA:55,0
DA:58,0
DA:66,0
DA:67,0
DA:69,0
DA:73,0
DA:74,0
DA:75,0
DA:76,0
DA:78,0
DA:79,0
DA:82,0
DA:83,0
DA:85,0
DA:89,0
DA:90,0
DA:91,0
DA:92,0
DA:94,0
DA:98,0
DA:99,0
DA:102,0
DA:109,0
DA:111,0
DA:115,0
DA:116,0
DA:117,0
DA:118,0
DA:120,0
DA:121,0
DA:124,0
DA:128,0
DA:129,0
DA:130,0
DA:131,0
DA:133,0
DA:134,0
DA:135,0
DA:137,0
DA:144,0
DA:145,0
DA:146,0
DA:151,0
DA:153,0
DA:157,0
DA:158,0
DA:159,0
DA:170,0
DA:172,0
DA:173,0
DA:175,0
DA:176,0
DA:179,0
DA:180,0
DA:182,0
DA:183,0
DA:187,0
DA:193,0
DA:194,0
DA:195,0
DA:198,0
DA:199,0
DA:201,0
DA:205,0
DA:207,0
DA:211,0
DA:212,0
DA:213,0
DA:214,0
DA:215,0
DA:218,0
DA:219,0
DA:222,0
DA:223,0
DA:226,0
DA:227,0
DA:230,0
DA:232,0
DA:242,0
DA:243,0
DA:244,0
DA:245,0
DA:247,0
DA:249,0
DA:255,0
DA:256,0
DA:257,0
DA:262,0
DA:264,0
DA:268,0
DA:269,0
DA:270,0
DA:271,0
DA:272,0
DA:275,0
DA:276,0
DA:279,0
DA:280,0
DA:282,0
DA:286,0
DA:287,0
DA:288,0
DA:289,0
DA:291,0
LF:133
LH:0
BRDA:10,0,0,0
BRDA:10,0,1,0
BRDA:10,1,0,0
BRDA:10,1,1,0
BRDA:10,1,2,0
BRDA:42,2,0,0
BRDA:42,2,1,0
BRDA:52,3,0,0
BRDA:52,3,1,0
BRDA:54,4,0,0
BRDA:54,4,1,0
BRDA:54,5,0,0
BRDA:54,5,1,0
BRDA:59,6,0,0
BRDA:59,6,1,0
BRDA:60,7,0,0
BRDA:60,7,1,0
BRDA:61,8,0,0
BRDA:61,8,1,0
BRDA:62,9,0,0
BRDA:62,9,1,0
BRDA:63,10,0,0
BRDA:63,10,1,0
BRDA:76,11,0,0
BRDA:76,11,1,0
BRDA:78,12,0,0
BRDA:78,12,1,0
BRDA:78,13,0,0
BRDA:78,13,1,0
BRDA:92,14,0,0
BRDA:92,14,1,0
BRDA:98,15,0,0
BRDA:98,15,1,0
BRDA:105,16,0,0
BRDA:105,16,1,0
BRDA:106,17,0,0
BRDA:106,17,1,0
BRDA:118,18,0,0
BRDA:118,18,1,0
BRDA:120,19,0,0
BRDA:120,19,1,0
BRDA:120,20,0,0
BRDA:120,20,1,0
BRDA:128,21,0,0
BRDA:128,21,1,0
BRDA:133,22,0,0
BRDA:133,22,1,0
BRDA:134,23,0,0
BRDA:134,23,1,0
BRDA:175,24,0,0
BRDA:175,24,1,0
BRDA:180,25,0,0
BRDA:180,25,1,0
BRDA:180,25,2,0
BRDA:182,26,0,0
BRDA:182,26,1,0
BRDA:187,27,0,0
BRDA:187,27,1,0
BRDA:189,28,0,0
BRDA:189,28,1,0
BRDA:193,29,0,0
BRDA:193,29,1,0
BRDA:199,30,0,0
BRDA:199,30,1,0
BRDA:214,31,0,0
BRDA:214,31,1,0
BRDA:218,32,0,0
BRDA:218,32,1,0
BRDA:222,33,0,0
BRDA:222,33,1,0
BRDA:226,34,0,0
BRDA:226,34,1,0
BRDA:242,35,0,0
BRDA:242,35,1,0
BRDA:243,36,0,0
BRDA:243,36,1,0
BRDA:245,37,0,0
BRDA:245,37,1,0
BRDA:245,37,2,0
BRDA:247,38,0,0
BRDA:247,38,1,0
BRDA:249,39,0,0
BRDA:249,39,1,0
BRDA:251,40,0,0
BRDA:251,40,1,0
BRDA:255,41,0,0
BRDA:255,41,1,0
BRDA:257,42,0,0
BRDA:257,42,1,0
BRDA:271,43,0,0
BRDA:271,43,1,0
BRDA:275,44,0,0
BRDA:275,44,1,0
BRF:93
BRH:0
end_of_record
TN:
SF:controllers\messageController.js
FN:5,(anonymous_0)
FN:8,(anonymous_1)
FN:14,(anonymous_2)
FN:22,(anonymous_3)
FN:32,(anonymous_4)
FN:46,(anonymous_5)
FN:88,(anonymous_6)
FN:117,(anonymous_7)
FN:118,(anonymous_8)
FN:127,(anonymous_9)
FN:141,(anonymous_10)
FN:152,(anonymous_11)
FN:176,(anonymous_12)
FN:192,(anonymous_13)
FN:220,(anonymous_14)
FN:231,(anonymous_15)
FN:247,(anonymous_16)
FN:252,(anonymous_17)
FNF:18
FNH:0
FNDA:0,(anonymous_0)
FNDA:0,(anonymous_1)
FNDA:0,(anonymous_2)
FNDA:0,(anonymous_3)
FNDA:0,(anonymous_4)
FNDA:0,(anonymous_5)
FNDA:0,(anonymous_6)
FNDA:0,(anonymous_7)
FNDA:0,(anonymous_8)
FNDA:0,(anonymous_9)
FNDA:0,(anonymous_10)
FNDA:0,(anonymous_11)
FNDA:0,(anonymous_12)
FNDA:0,(anonymous_13)
FNDA:0,(anonymous_14)
FNDA:0,(anonymous_15)
FNDA:0,(anonymous_16)
FNDA:0,(anonymous_17)
DA:1,0
DA:2,0
DA:3,0
DA:5,0
DA:6,0
DA:8,0
DA:9,0
DA:10,0
DA:11,0
DA:14,0
DA:15,0
DA:16,0
DA:17,0
DA:18,0
DA:19,0
DA:22,0
DA:23,0
DA:24,0
DA:26,0
DA:27,0
DA:28,0
DA:29,0
DA:32,0
DA:33,0
DA:37,0
DA:38,0
DA:41,0
DA:44,0
DA:46,0
DA:47,0
DA:48,0
DA:49,0
DA:51,0
DA:52,0
DA:55,0
DA:56,0
DA:59,0
DA:64,0
DA:65,0
DA:68,0
DA:69,0
DA:72,0
DA:73,0
DA:76,0
DA:77,0
DA:82,0
DA:84,0
DA:88,0
DA:89,0
DA:90,0
DA:91,0
DA:92,0
DA:94,0
DA:95,0
DA:98,0
DA:99,0
DA:100,0
DA:103,0
DA:116,0
DA:117,0
DA:118,0
DA:121,0
DA:123,0
DA:127,0
DA:128,0
DA:129,0
DA:131,0
DA:135,0
DA:137,0
DA:141,0
DA:142,0
DA:143,0
DA:144,0
DA:146,0
DA:147,0
DA:148,0
DA:151,0
DA:152,0
DA:155,0
DA:156,0
DA:159,0
DA:161,0
DA:170,0
DA:172,0
DA:176,0
DA:177,0
DA:178,0
DA:179,0
DA:180,0
DA:182,0
DA:183,0
DA:186,0
DA:187,0
DA:188,0
DA:191,0
DA:192,0
DA:195,0
DA:196,0
DA:199,0
DA:205,0
DA:212,0
DA:214,0
DA:216,0
DA:220,0
DA:221,0
DA:222,0
DA:223,0
DA:225,0
DA:226,0
DA:227,0
DA:230,0
DA:231,0
DA:234,0
DA:235,0
DA:238,0
DA:239,0
DA:241,0
DA:243,0
DA:247,0
DA:248,0
DA:249,0
DA:251,0
DA:252,0
DA:254,0
DA:255,0
DA:258,0
DA:264,0
DA:266,0
LF:128
LH:0
BRDA:5,0,0,0
BRDA:5,0,1,0
BRDA:9,1,0,0
BRDA:9,1,1,0
BRDA:10,2,0,0
BRDA:10,2,1,0
BRDA:16,3,0,0
BRDA:16,3,1,0
BRDA:17,4,0,0
BRDA:17,4,1,0
BRDA:18,5,0,0
BRDA:18,5,1,0
BRDA:26,6,0,0
BRDA:26,6,1,0
BRDA:27,7,0,0
BRDA:27,7,1,0
BRDA:28,8,0,0
BRDA:28,8,1,0
BRDA:37,9,0,0
BRDA:37,9,1,0
BRDA:51,10,0,0
BRDA:51,10,1,0
BRDA:55,11,0,0
BRDA:55,11,1,0
BRDA:64,12,0,0
BRDA:64,12,1,0
BRDA:64,13,0,0
BRDA:64,13,1,0
BRDA:68,14,0,0
BRDA:68,14,1,0
BRDA:68,15,0,0
BRDA:68,15,1,0
BRDA:72,16,0,0
BRDA:72,16,1,0
BRDA:91,17,0,0
BRDA:91,17,1,0
BRDA:92,18,0,0
BRDA:92,18,1,0
BRDA:94,19,0,0
BRDA:94,19,1,0
BRDA:94,20,0,0
BRDA:94,20,1,0
BRDA:99,21,0,0
BRDA:99,21,1,0
BRDA:117,22,0,0
BRDA:117,22,1,0
BRDA:147,23,0,0
BRDA:147,23,1,0
BRDA:155,24,0,0
BRDA:155,24,1,0
BRDA:179,25,0,0
BRDA:179,25,1,0
BRDA:182,26,0,0
BRDA:182,26,1,0
BRDA:182,27,0,0
BRDA:182,27,1,0
BRDA:182,27,2,0
BRDA:187,28,0,0
BRDA:187,28,1,0
BRDA:195,29,0,0
BRDA:195,29,1,0
BRDA:226,30,0,0
BRDA:226,30,1,0
BRDA:234,31,0,0
BRDA:234,31,1,0
BRDA:254,32,0,0
BRDA:254,32,1,0
BRF:67
BRH:0
end_of_record
TN:
SF:controllers\userController.js
FN:3,(anonymous_0)
FN:10,(anonymous_1)
FN:39,(anonymous_2)
FNF:3
FNH:0
FNDA:0,(anonymous_0)
FNDA:0,(anonymous_1)
FNDA:0,(anonymous_2)
DA:1,0
DA:3,0
DA:4,0
DA:5,0
DA:6,0
DA:7,0
DA:10,0
DA:11,0
DA:12,0
DA:13,0
DA:15,0
DA:16,0
DA:19,0
DA:24,0
DA:25,0
DA:26,0
DA:27,0
DA:28,0
DA:29,0
DA:30,0
DA:31,0
DA:32,0
DA:34,0
DA:35,0
DA:38,0
DA:39,0
DA:42,0
DA:46,0
DA:51,0
LF:29
LH:0
BRDA:4,0,0,0
BRDA:4,0,1,0
BRDA:5,1,0,0
BRDA:5,1,1,0
BRDA:6,2,0,0
BRDA:6,2,1,0
BRDA:12,3,0,0
BRDA:12,3,1,0
BRDA:15,4,0,0
BRDA:15,4,1,0
BRDA:24,5,0,0
BRDA:24,5,1,0
BRDA:29,6,0,0
BRDA:29,6,1,0
BRDA:51,7,0,0
BRDA:51,7,1,0
BRF:16
BRH:0
end_of_record
TN:
SF:middleware\auth.js
FN:4,(anonymous_0)
FN:31,(anonymous_1)
FN:39,(anonymous_2)
FN:47,(anonymous_3)
FN:55,(anonymous_4)
FN:63,(anonymous_5)
FN:70,(anonymous_6)
FN:71,(anonymous_7)
FNF:8
FNH:0
FNDA:0,(anonymous_0)
FNDA:0,(anonymous_1)
FNDA:0,(anonymous_2)
FNDA:0,(anonymous_3)
FNDA:0,(anonymous_4)
FNDA:0,(anonymous_5)
FNDA:0,(anonymous_6)
FNDA:0,(anonymous_7)
DA:1,0
DA:2,0
DA:4,0
DA:5,0
DA:7,0
DA:8,0
DA:11,0
DA:12,0
DA:13,0
DA:15,0
DA:16,0
DA:19,0
DA:20,0
DA:23,0
DA:24,0
DA:25,0
DA:27,0
DA:31,0
DA:33,0
DA:34,0
DA:36,0
DA:39,0
DA:41,0
DA:42,0
DA:44,0
DA:47,0
DA:49,0
DA:50,0
DA:52,0
DA:55,0
DA:57,0
DA:58,0
DA:60,0
DA:63,0
DA:64,0
DA:65,0
DA:67,0
DA:70,0
DA:71,0
DA:72,0
DA:73,0
DA:75,0
LF:42
LH:0
BRDA:7,0,0,0
BRDA:7,0,1,0
BRDA:15,1,0,0
BRDA:15,1,1,0
BRDA:19,2,0,0
BRDA:19,2,1,0
BRDA:33,3,0,0
BRDA:33,3,1,0
BRDA:41,4,0,0
BRDA:41,4,1,0
BRDA:49,5,0,0
BRDA:49,5,1,0
BRDA:57,6,0,0
BRDA:57,6,1,0
BRDA:64,7,0,0
BRDA:64,7,1,0
BRDA:72,8,0,0
BRDA:72,8,1,0
BRF:18
BRH:0
end_of_record
TN:
SF:models\Conversation.js
FNF:0
FNH:0
DA:1,0
DA:3,0
DA:5,0
DA:12,0
LF:4
LH:0
BRF:0
BRH:0
end_of_record
TN:
SF:models\InviteCode.js
FNF:0
FNH:0
DA:1,0
DA:3,0
DA:12,0
LF:3
LH:0
BRF:0
BRH:0
end_of_record
TN:
SF:models\JobApplication.js
FNF:0
FNH:0
DA:1,0
DA:3,0
DA:29,0
LF:3
LH:0
BRF:0
BRH:0
end_of_record
TN:
SF:models\JobVacancy.js
FNF:0
FNH:0
DA:1,0
DA:3,0
DA:22,0
LF:3
LH:0
BRF:0
BRH:0
end_of_record
TN:
SF:models\Message.js
FNF:0
FNH:0
DA:1,0
DA:3,0
DA:5,0
DA:13,0
LF:4
LH:0
BRF:0
BRH:0
end_of_record
TN:
SF:models\User.js
FNF:0
FNH:0
DA:1,0
DA:3,0
DA:74,0
LF:3
LH:0
BRF:0
BRH:0
end_of_record
TN:
SF:routes\adminRoutes.js
FNF:0
FNH:0
DA:1,0
DA:10,0
DA:11,0
DA:13,0
DA:14,0
DA:15,0
DA:16,0
DA:17,0
DA:18,0
DA:19,0
DA:21,0
LF:11
LH:0
BRF:0
BRH:0
end_of_record
TN:
SF:routes\authRoutes.js
FN:18,(anonymous_0)
FN:21,(anonymous_1)
FN:29,(anonymous_2)
FNF:3
FNH:0
FNDA:0,(anonymous_0)
FNDA:0,(anonymous_1)
FNDA:0,(anonymous_2)
DA:1,0
DA:2,0
DA:3,0
DA:14,0
DA:15,0
DA:17,0
DA:19,0
DA:22,0
DA:26,0
DA:30,0
DA:31,0
DA:35,0
DA:37,0
DA:38,0
DA:39,0
DA:40,0
DA:41,0
DA:52,0
DA:53,0
DA:63,0
DA:64,0
DA:65,0
DA:67,0
LF:23
LH:0
BRF:0
BRH:0
end_of_record
TN:
SF:routes\employerRoutes.js
FNF:0
FNH:0
DA:1,0
DA:11,0
DA:12,0
DA:14,0
DA:15,0
DA:16,0
DA:17,0
DA:18,0
DA:19,0
DA:20,0
DA:21,0
DA:23,0
LF:12
LH:0
BRF:0
BRH:0
end_of_record
TN:
SF:routes\jobRoutes.js
FN:21,(anonymous_0)
FN:24,(anonymous_1)
FN:32,(anonymous_2)
FNF:3
FNH:0
FNDA:0,(anonymous_0)
FNDA:0,(anonymous_1)
FNDA:0,(anonymous_2)
DA:1,0
DA:2,0
DA:3,0
DA:4,0
DA:17,0
DA:18,0
DA:20,0
DA:22,0
DA:25,0
DA:29,0
DA:33,0
DA:34,0
DA:35,0
DA:36,0
DA:38,0
DA:43,0
DA:44,0
DA:45,0
DA:46,0
DA:47,0
DA:48,0
DA:49,0
DA:50,0
DA:51,0
DA:52,0
DA:53,0
DA:55,0
LF:27
LH:0
BRDA:35,0,0,0
BRDA:35,0,1,0
BRF:2
BRH:0
end_of_record
TN:
SF:routes\messageRoutes.js
FNF:0
FNH:0
DA:1,0
DA:10,0
DA:11,0
DA:13,0
DA:14,0
DA:15,0
DA:16,0
DA:17,0
DA:18,0
DA:19,0
DA:21,0
LF:11
LH:0
BRF:0
BRH:0
end_of_record
TN:
SF:routes\userRoutes.js
FNF:0
FNH:0
DA:1,0
DA:2,0
DA:3,0
DA:5,0
DA:7,0
LF:5
LH:0
BRF:0
BRH:0
end_of_record
